-- Found ament_cmake: 1.3.12 (/opt/ros/humble/share/ament_cmake/cmake)
-- Found rclcpp: 16.0.17 (/opt/ros/humble/share/rclcpp/cmake)
-- Found rosidl_generator_c: 3.1.8 (/opt/ros/humble/share/rosidl_generator_c/cmake)
-- Found rosidl_adapter: 3.1.8 (/opt/ros/humble/share/rosidl_adapter/cmake)
-- Found rosidl_generator_cpp: 3.1.8 (/opt/ros/humble/share/rosidl_generator_cpp/cmake)
-- Using all available rosidl_typesupport_c: rosidl_typesupport_fastrtps_c;rosidl_typesupport_introspection_c
-- Using all available rosidl_typesupport_cpp: rosidl_typesupport_fastrtps_cpp;rosidl_typesupport_introspection_cpp
-- Found rmw_implementation_cmake: 6.1.2 (/opt/ros/humble/share/rmw_implementation_cmake/cmake)
-- Found rmw_fastrtps_cpp: 6.2.9 (/opt/ros/humble/share/rmw_fastrtps_cpp/cmake)
-- Using RMW implementation 'rmw_fastrtps_cpp' as default
-- Found rclcpp_lifecycle: 16.0.17 (/opt/ros/humble/share/rclcpp_lifecycle/cmake)
-- Found rclcpp_action: 16.0.17 (/opt/ros/humble/share/rclcpp_action/cmake)
-- Found nav_msgs: 4.9.0 (/opt/ros/humble/share/nav_msgs/cmake)
-- Found sensor_msgs: 4.9.0 (/opt/ros/humble/share/sensor_msgs/cmake)
-- Found tf2: 0.25.18 (/opt/ros/humble/share/tf2/cmake)
-- Found tf2_ros: 0.25.18 (/opt/ros/humble/share/tf2_ros/cmake)
-- Found tf2_geometry_msgs: 0.25.18 (/opt/ros/humble/share/tf2_geometry_msgs/cmake)
-- Found eigen3_cmake_module: 0.1.1 (/opt/ros/humble/share/eigen3_cmake_module/cmake)
-- Ensuring Eigen3 include directory is part of orocos-kdl CMake target
-- Found behaviortree_cpp: 4.9.0 (/opt/ros/humble/share/behaviortree_cpp/cmake)
-- Found nav2_msgs: 1.1.20 (/opt/ros/humble/share/nav2_msgs/cmake)
-- Configuring done
-- Generating done
-- Build files have been written to: /home/shcho/mydrivesim/build/tb3_standalone_nav
[35m[1mConsolidate compiler generated dependencies of target tb3_standalone_core[0m
[  5%] [32mBuilding CXX object CMakeFiles/lifecycle_manager_node.dir/src/core/lifecycle_manager_node.cpp.o[0m
[ 35%] Built target tb3_standalone_core
[35m[1mConsolidate compiler generated dependencies of target a_star_planner_server[0m
[ 41%] [32mBuilding CXX object CMakeFiles/a_star_planner_server.dir/src/planner/a_star_planner_server.cpp.o[0m
[ 47%] [32m[1mLinking CXX executable lifecycle_manager_node[0m
[ 47%] Built target lifecycle_manager_node
[35m[1mConsolidate compiler generated dependencies of target dwa_controller_server[0m
[ 52%] [32mBuilding CXX object CMakeFiles/dwa_controller_server.dir/src/controller/dwa_controller_server.cpp.o[0m
[ 58%] [32m[1mLinking CXX executable a_star_planner_server[0m
[ 58%] Built target a_star_planner_server
[35m[1mConsolidate compiler generated dependencies of target ekf_node[0m
[ 70%] Built target ekf_node
[35m[1mConsolidate compiler generated dependencies of target amcl_node[0m
[ 76%] [32mBuilding CXX object CMakeFiles/amcl_node.dir/src/estimation/amcl_node.cpp.o[0m
[ 82%] [32m[1mLinking CXX executable dwa_controller_server[0m
[ 82%] Built target dwa_controller_server
[35m[1mConsolidate compiler generated dependencies of target bt_navigator[0m
[ 88%] [32mBuilding CXX object CMakeFiles/bt_navigator.dir/src/bt/bt_navigator.cpp.o[0m
[01m[K/home/shcho/mydrivesim/src/tb3_standalone_nav/src/estimation/amcl_node.cpp:[m[K In member function ‘[01m[Kvirtual tb3_standalone_nav::core::CallbackReturn tb3_standalone_nav::estimation::AMCLNode::on_activate(const rclcpp_lifecycle::State&)[m[K’:
[01m[K/home/shcho/mydrivesim/src/tb3_standalone_nav/src/estimation/amcl_node.cpp:61:18:[m[K [01;31m[Kerror: [m[K‘[01m[Kusing element_type = class rclcpp::Publisher<geometry_msgs::msg::PoseArray_<std::allocator<void> > >[m[K’ {aka ‘[01m[Kclass rclcpp::Publisher<geometry_msgs::msg::PoseArray_<std::allocator<void> > >[m[K’} has no member named ‘[01m[Kon_activate[m[K’
   61 |   particle_pub_->[01;31m[Kon_activate[m[K();
      |                  [01;31m[K^~~~~~~~~~~[m[K
[01m[K/home/shcho/mydrivesim/src/tb3_standalone_nav/src/estimation/amcl_node.cpp:[m[K In member function ‘[01m[Kvirtual tb3_standalone_nav::core::CallbackReturn tb3_standalone_nav::estimation::AMCLNode::on_deactivate(const rclcpp_lifecycle::State&)[m[K’:
[01m[K/home/shcho/mydrivesim/src/tb3_standalone_nav/src/estimation/amcl_node.cpp:69:18:[m[K [01;31m[Kerror: [m[K‘[01m[Kusing element_type = class rclcpp::Publisher<geometry_msgs::msg::PoseArray_<std::allocator<void> > >[m[K’ {aka ‘[01m[Kclass rclcpp::Publisher<geometry_msgs::msg::PoseArray_<std::allocator<void> > >[m[K’} has no member named ‘[01m[Kon_deactivate[m[K’
   69 |   particle_pub_->[01;31m[Kon_deactivate[m[K();
      |                  [01;31m[K^~~~~~~~~~~~~[m[K
gmake[2]: *** [CMakeFiles/amcl_node.dir/build.make:76: CMakeFiles/amcl_node.dir/src/estimation/amcl_node.cpp.o] Error 1
gmake[1]: *** [CMakeFiles/Makefile2:253: CMakeFiles/amcl_node.dir/all] Error 2
gmake[1]: *** Waiting for unfinished jobs....
[ 94%] [32m[1mLinking CXX executable bt_navigator[0m
[ 94%] Built target bt_navigator
gmake: *** [Makefile:146: all] Error 2
