[0.016s] Invoking command in '/home/shcho/mydrivesim/build/tb3_standalone_nav': CMAKE_PREFIX_PATH=/opt/ros/humble /usr/bin/cmake --build /home/shcho/mydrivesim/build/tb3_standalone_nav -- -j2 -l2
[0.036s] -- Found ament_cmake: 1.3.12 (/opt/ros/humble/share/ament_cmake/cmake)
[0.130s] -- Found rclcpp: 16.0.17 (/opt/ros/humble/share/rclcpp/cmake)
[0.152s] -- Found rosidl_generator_c: 3.1.8 (/opt/ros/humble/share/rosidl_generator_c/cmake)
[0.152s] -- Found rosidl_adapter: 3.1.8 (/opt/ros/humble/share/rosidl_adapter/cmake)
[0.156s] -- Found rosidl_generator_cpp: 3.1.8 (/opt/ros/humble/share/rosidl_generator_cpp/cmake)
[0.162s] -- Using all available rosidl_typesupport_c: rosidl_typesupport_fastrtps_c;rosidl_typesupport_introspection_c
[0.168s] -- Using all available rosidl_typesupport_cpp: rosidl_typesupport_fastrtps_cpp;rosidl_typesupport_introspection_cpp
[0.186s] -- Found rmw_implementation_cmake: 6.1.2 (/opt/ros/humble/share/rmw_implementation_cmake/cmake)
[0.187s] -- Found rmw_fastrtps_cpp: 6.2.9 (/opt/ros/humble/share/rmw_fastrtps_cpp/cmake)
[0.262s] -- Using RMW implementation 'rmw_fastrtps_cpp' as default
[0.290s] -- Found rclcpp_lifecycle: 16.0.17 (/opt/ros/humble/share/rclcpp_lifecycle/cmake)
[0.302s] -- Found rclcpp_action: 16.0.17 (/opt/ros/humble/share/rclcpp_action/cmake)
[0.322s] -- Found nav_msgs: 4.9.0 (/opt/ros/humble/share/nav_msgs/cmake)
[0.339s] -- Found sensor_msgs: 4.9.0 (/opt/ros/humble/share/sensor_msgs/cmake)
[0.349s] -- Found tf2: 0.25.18 (/opt/ros/humble/share/tf2/cmake)
[0.353s] -- Found tf2_ros: 0.25.18 (/opt/ros/humble/share/tf2_ros/cmake)
[0.381s] -- Found tf2_geometry_msgs: 0.25.18 (/opt/ros/humble/share/tf2_geometry_msgs/cmake)
[0.383s] -- Found eigen3_cmake_module: 0.1.1 (/opt/ros/humble/share/eigen3_cmake_module/cmake)
[0.385s] -- Ensuring Eigen3 include directory is part of orocos-kdl CMake target
[0.386s] -- Found behaviortree_cpp: 4.9.0 (/opt/ros/humble/share/behaviortree_cpp/cmake)
[0.388s] -- Found nav2_msgs: 1.1.20 (/opt/ros/humble/share/nav2_msgs/cmake)
[0.462s] -- Configuring done
[0.497s] -- Generating done
[0.510s] -- Build files have been written to: /home/shcho/mydrivesim/build/tb3_standalone_nav
[0.537s] [35m[1mConsolidate compiler generated dependencies of target tb3_standalone_core[0m
[0.546s] [  5%] [32mBuilding CXX object CMakeFiles/lifecycle_manager_node.dir/src/core/lifecycle_manager_node.cpp.o[0m
[0.551s] [ 35%] Built target tb3_standalone_core
[0.563s] [35m[1mConsolidate compiler generated dependencies of target a_star_planner_server[0m
[0.577s] [ 41%] [32mBuilding CXX object CMakeFiles/a_star_planner_server.dir/src/planner/a_star_planner_server.cpp.o[0m
[2.579s] [ 47%] [32m[1mLinking CXX executable lifecycle_manager_node[0m
[2.706s] [ 47%] Built target lifecycle_manager_node
[2.735s] [35m[1mConsolidate compiler generated dependencies of target dwa_controller_server[0m
[2.770s] [ 52%] [32mBuilding CXX object CMakeFiles/dwa_controller_server.dir/src/controller/dwa_controller_server.cpp.o[0m
[8.526s] [ 58%] [32m[1mLinking CXX executable a_star_planner_server[0m
[8.903s] [ 58%] Built target a_star_planner_server
[8.912s] [35m[1mConsolidate compiler generated dependencies of target ekf_node[0m
[8.929s] [ 70%] Built target ekf_node
[8.939s] [35m[1mConsolidate compiler generated dependencies of target amcl_node[0m
[9.002s] [ 76%] [32mBuilding CXX object CMakeFiles/amcl_node.dir/src/estimation/amcl_node.cpp.o[0m
[9.385s] [ 82%] [32m[1mLinking CXX executable dwa_controller_server[0m
[9.683s] [ 82%] Built target dwa_controller_server
[9.695s] [35m[1mConsolidate compiler generated dependencies of target bt_navigator[0m
[9.708s] [ 88%] [32mBuilding CXX object CMakeFiles/bt_navigator.dir/src/bt/bt_navigator.cpp.o[0m
[10.613s] [01m[K/home/shcho/mydrivesim/src/tb3_standalone_nav/src/estimation/amcl_node.cpp:[m[K In member function ‘[01m[Kvirtual tb3_standalone_nav::core::CallbackReturn tb3_standalone_nav::estimation::AMCLNode::on_activate(const rclcpp_lifecycle::State&)[m[K’:
[10.613s] [01m[K/home/shcho/mydrivesim/src/tb3_standalone_nav/src/estimation/amcl_node.cpp:61:18:[m[K [01;31m[Kerror: [m[K‘[01m[Kusing element_type = class rclcpp::Publisher<geometry_msgs::msg::PoseArray_<std::allocator<void> > >[m[K’ {aka ‘[01m[Kclass rclcpp::Publisher<geometry_msgs::msg::PoseArray_<std::allocator<void> > >[m[K’} has no member named ‘[01m[Kon_activate[m[K’
[10.613s]    61 |   particle_pub_->[01;31m[Kon_activate[m[K();
[10.614s]       |                  [01;31m[K^~~~~~~~~~~[m[K
[10.614s] [01m[K/home/shcho/mydrivesim/src/tb3_standalone_nav/src/estimation/amcl_node.cpp:[m[K In member function ‘[01m[Kvirtual tb3_standalone_nav::core::CallbackReturn tb3_standalone_nav::estimation::AMCLNode::on_deactivate(const rclcpp_lifecycle::State&)[m[K’:
[10.614s] [01m[K/home/shcho/mydrivesim/src/tb3_standalone_nav/src/estimation/amcl_node.cpp:69:18:[m[K [01;31m[Kerror: [m[K‘[01m[Kusing element_type = class rclcpp::Publisher<geometry_msgs::msg::PoseArray_<std::allocator<void> > >[m[K’ {aka ‘[01m[Kclass rclcpp::Publisher<geometry_msgs::msg::PoseArray_<std::allocator<void> > >[m[K’} has no member named ‘[01m[Kon_deactivate[m[K’
[10.614s]    69 |   particle_pub_->[01;31m[Kon_deactivate[m[K();
[10.615s]       |                  [01;31m[K^~~~~~~~~~~~~[m[K
[13.455s] gmake[2]: *** [CMakeFiles/amcl_node.dir/build.make:76: CMakeFiles/amcl_node.dir/src/estimation/amcl_node.cpp.o] Error 1
[13.456s] gmake[1]: *** [CMakeFiles/Makefile2:253: CMakeFiles/amcl_node.dir/all] Error 2
[13.456s] gmake[1]: *** Waiting for unfinished jobs....
[14.047s] [ 94%] [32m[1mLinking CXX executable bt_navigator[0m
[14.254s] [ 94%] Built target bt_navigator
[14.255s] gmake: *** [Makefile:146: all] Error 2
[14.257s] Invoked command in '/home/shcho/mydrivesim/build/tb3_standalone_nav' returned '2': CMAKE_PREFIX_PATH=/opt/ros/humble /usr/bin/cmake --build /home/shcho/mydrivesim/build/tb3_standalone_nav -- -j2 -l2
