[0.026s] Invoking command in '/home/shcho/mydrivesim/build/tb3_standalone_nav': CMAKE_PREFIX_PATH=${CMAKE_PREFIX_PATH}:/opt/ros/humble /usr/bin/cmake --build /home/shcho/mydrivesim/build/tb3_standalone_nav -- -j2 -l2
[0.077s] [ 29%] Built target tb3_standalone_core
[0.102s] [ 41%] Built target lifecycle_manager_node
[0.131s] [ 52%] Built target a_star_planner_server
[0.146s] [35m[1mConsolidate compiler generated dependencies of target dwa_controller_server[0m
[0.161s] [ 64%] Built target dwa_controller_server
[0.185s] [ 76%] Built target ekf_node
[0.212s] [ 82%] [32mBuilding CXX object CMakeFiles/amcl_node.dir/src/estimation/amcl_node.cpp.o[0m
[1.979s] [01m[K/home/shcho/mydrivesim/src/tb3_standalone_nav/src/estimation/amcl_node.cpp:[m[K In member function ‘[01m[Kvoid tb3_standalone_nav::estimation::AMCLNode::scan_callback(sensor_msgs::msg::LaserScan_<std::allocator<void> >::SharedPtr)[m[K’:
[1.979s] [01m[K/home/shcho/mydrivesim/src/tb3_standalone_nav/src/estimation/amcl_node.cpp:129:8:[m[K [01;31m[Kerror: [m[K‘[01m[Klaser_offset_initialized_[m[K’ was not declared in this scope
[1.979s]   129 |   if (![01;31m[Klaser_offset_initialized_[m[K) {
[1.979s]       |        [01;31m[K^~~~~~~~~~~~~~~~~~~~~~~~~[m[K
[1.982s] [01m[K/home/shcho/mydrivesim/src/tb3_standalone_nav/src/estimation/amcl_node.cpp:133:7:[m[K [01;31m[Kerror: [m[K‘[01m[Klaser_x_offset_[m[K’ was not declared in this scope
[1.982s]   133 |       [01;31m[Klaser_x_offset_[m[K = base_to_scan.transform.translation.x;
[1.982s]       |       [01;31m[K^~~~~~~~~~~~~~~[m[K
[1.989s] [01m[K/home/shcho/mydrivesim/src/tb3_standalone_nav/src/estimation/amcl_node.cpp:134:7:[m[K [01;31m[Kerror: [m[K‘[01m[Klaser_y_offset_[m[K’ was not declared in this scope
[1.989s]   134 |       [01;31m[Klaser_y_offset_[m[K = base_to_scan.transform.translation.y;
[1.989s]       |       [01;31m[K^~~~~~~~~~~~~~~[m[K
[1.997s] [01m[K/home/shcho/mydrivesim/src/tb3_standalone_nav/src/estimation/amcl_node.cpp:135:7:[m[K [01;31m[Kerror: [m[K‘[01m[Klaser_theta_offset_[m[K’ was not declared in this scope
[1.997s]   135 |       [01;31m[Klaser_theta_offset_[m[K = tf2::getYaw(base_to_scan.transform.rotation);
[1.997s]       |       [01;31m[K^~~~~~~~~~~~~~~~~~~[m[K
[2.006s] [01m[K/home/shcho/mydrivesim/src/tb3_standalone_nav/src/estimation/amcl_node.cpp:[m[K In member function ‘[01m[Kdouble tb3_standalone_nav::estimation::AMCLNode::compute_laser_weight(const tb3_standalone_nav::estimation::Particle&, const SharedPtr&)[m[K’:
[2.007s] [01m[K/home/shcho/mydrivesim/src/tb3_standalone_nav/src/estimation/amcl_node.cpp:257:26:[m[K [01;31m[Kerror: [m[K‘[01m[Klaser_x_offset_[m[K’ was not declared in this scope
[2.007s]   257 |   double laser_x = p.x + [01;31m[Klaser_x_offset_[m[K * std::cos(p.theta) - laser_y_offset_ * std::sin(p.theta);
[2.007s]       |                          [01;31m[K^~~~~~~~~~~~~~~[m[K
[2.013s] [01m[K/home/shcho/mydrivesim/src/tb3_standalone_nav/src/estimation/amcl_node.cpp:257:64:[m[K [01;31m[Kerror: [m[K‘[01m[Klaser_y_offset_[m[K’ was not declared in this scope
[2.013s]   257 | ouble laser_x = p.x + laser_x_offset_ * std::cos(p.theta) - [01;31m[Klaser_y_offset_[m[K * std::sin(p.theta);
[2.014s]       |                                                             [01;31m[K^~~~~~~~~~~~~~~[m[K
[2.014s] 
[2.022s] [01m[K/home/shcho/mydrivesim/src/tb3_standalone_nav/src/estimation/amcl_node.cpp:259:34:[m[K [01;31m[Kerror: [m[K‘[01m[Klaser_theta_offset_[m[K’ was not declared in this scope
[2.023s]   259 |   double laser_theta = p.theta + [01;31m[Klaser_theta_offset_[m[K;
[2.023s]       |                                  [01;31m[K^~~~~~~~~~~~~~~~~~~[m[K
[4.916s] gmake[2]: *** [CMakeFiles/amcl_node.dir/build.make:76: CMakeFiles/amcl_node.dir/src/estimation/amcl_node.cpp.o] Error 1
[4.917s] gmake[1]: *** [CMakeFiles/Makefile2:253: CMakeFiles/amcl_node.dir/all] Error 2
[4.917s] gmake: *** [Makefile:146: all] Error 2
[4.923s] Invoked command in '/home/shcho/mydrivesim/build/tb3_standalone_nav' returned '2': CMAKE_PREFIX_PATH=${CMAKE_PREFIX_PATH}:/opt/ros/humble /usr/bin/cmake --build /home/shcho/mydrivesim/build/tb3_standalone_nav -- -j2 -l2
