-- Found ament_cmake: 1.3.12 (/opt/ros/humble/share/ament_cmake/cmake)
-- Found rclcpp: 16.0.17 (/opt/ros/humble/share/rclcpp/cmake)
-- Found rosidl_generator_c: 3.1.8 (/opt/ros/humble/share/rosidl_generator_c/cmake)
-- Found rosidl_adapter: 3.1.8 (/opt/ros/humble/share/rosidl_adapter/cmake)
-- Found rosidl_generator_cpp: 3.1.8 (/opt/ros/humble/share/rosidl_generator_cpp/cmake)
-- Using all available rosidl_typesupport_c: rosidl_typesupport_fastrtps_c;rosidl_typesupport_introspection_c
-- Using all available rosidl_typesupport_cpp: rosidl_typesupport_fastrtps_cpp;rosidl_typesupport_introspection_cpp
-- Found rmw_implementation_cmake: 6.1.2 (/opt/ros/humble/share/rmw_implementation_cmake/cmake)
-- Found rmw_fastrtps_cpp: 6.2.9 (/opt/ros/humble/share/rmw_fastrtps_cpp/cmake)
-- Using RMW implementation 'rmw_fastrtps_cpp' as default
-- Found rclcpp_lifecycle: 16.0.17 (/opt/ros/humble/share/rclcpp_lifecycle/cmake)
-- Found rclcpp_action: 16.0.17 (/opt/ros/humble/share/rclcpp_action/cmake)
-- Found nav_msgs: 4.9.0 (/opt/ros/humble/share/nav_msgs/cmake)
-- Found sensor_msgs: 4.9.0 (/opt/ros/humble/share/sensor_msgs/cmake)
-- Found tf2: 0.25.18 (/opt/ros/humble/share/tf2/cmake)
-- Found tf2_ros: 0.25.18 (/opt/ros/humble/share/tf2_ros/cmake)
-- Found tf2_geometry_msgs: 0.25.18 (/opt/ros/humble/share/tf2_geometry_msgs/cmake)
-- Found eigen3_cmake_module: 0.1.1 (/opt/ros/humble/share/eigen3_cmake_module/cmake)
-- Ensuring Eigen3 include directory is part of orocos-kdl CMake target
-- Found behaviortree_cpp: 4.9.0 (/opt/ros/humble/share/behaviortree_cpp/cmake)
-- Found nav2_msgs: 1.1.20 (/opt/ros/humble/share/nav2_msgs/cmake)
-- Configuring done
-- Generating done
-- Build files have been written to: /home/shcho/mydrivesim/build/tb3_standalone_nav
[35m[1mConsolidate compiler generated dependencies of target tb3_standalone_core[0m
[ 33%] Built target tb3_standalone_core
[35m[1mConsolidate compiler generated dependencies of target dwa_controller_server[0m
[ 40%] [32mBuilding CXX object CMakeFiles/a_star_planner_server.dir/src/planner/a_star_planner_server.cpp.o[0m
[ 46%] [32mBuilding CXX object CMakeFiles/dwa_controller_server.dir/src/controller/dwa_controller_server.cpp.o[0m
[ 53%] [32m[1mLinking CXX executable a_star_planner_server[0m
[ 60%] [32m[1mLinking CXX executable dwa_controller_server[0m
[ 60%] Built target a_star_planner_server
[ 60%] Built target dwa_controller_server
[ 66%] [32mBuilding CXX object CMakeFiles/ekf_node.dir/src/estimation/ekf_node.cpp.o[0m
[ 73%] [32mBuilding CXX object CMakeFiles/amcl_node.dir/src/estimation/amcl_node.cpp.o[0m
[ 80%] [32m[1mLinking CXX executable amcl_node[0m
[ 80%] Built target amcl_node
[ 86%] [32mBuilding CXX object CMakeFiles/bt_navigator.dir/src/bt/bt_navigator.cpp.o[0m
[01m[K/home/shcho/mydrivesim/src/tb3_standalone_nav/src/bt/bt_navigator.cpp:[m[K In member function ‘[01m[Kvirtual void tb3_standalone_nav::bt::ComputePathToPoseAction::on_result(const rclcpp_action::ClientGoalHandle<nav2_msgs::action::NavigateToPose>::WrappedResult&)[m[K’:
[01m[K/home/shcho/mydrivesim/src/tb3_standalone_nav/src/bt/bt_navigator.cpp:55:40:[m[K [01;31m[Kerror: [m[K‘[01m[Kusing element_type = struct nav2_msgs::action::NavigateToPose_Result_<std::allocator<void> >[m[K’ {aka ‘[01m[Kstruct nav2_msgs::action::NavigateToPose_Result_<std::allocator<void> >[m[K’} has no member named ‘[01m[Kpath[m[K’
   55 |       setOutput("path", result.result->[01;31m[Kpath[m[K);
      |                                        [01;31m[K^~~~[m[K
gmake[2]: *** [CMakeFiles/bt_navigator.dir/build.make:76: CMakeFiles/bt_navigator.dir/src/bt/bt_navigator.cpp.o] Error 1
gmake[1]: *** [CMakeFiles/Makefile2:277: CMakeFiles/bt_navigator.dir/all] Error 2
gmake[1]: *** Waiting for unfinished jobs....
[ 93%] [32m[1mLinking CXX executable ekf_node[0m
[ 93%] Built target ekf_node
gmake: *** [Makefile:146: all] Error 2
