[0.014s] Invoking command in '/home/shcho/mydrivesim/build/tb3_standalone_nav': CMAKE_PREFIX_PATH=/opt/ros/humble /usr/bin/cmake --build /home/shcho/mydrivesim/build/tb3_standalone_nav -- -j2 -l2
[0.041s] -- Found ament_cmake: 1.3.12 (/opt/ros/humble/share/ament_cmake/cmake)
[0.129s] -- Found rclcpp: 16.0.17 (/opt/ros/humble/share/rclcpp/cmake)
[0.152s] -- Found rosidl_generator_c: 3.1.8 (/opt/ros/humble/share/rosidl_generator_c/cmake)
[0.159s] -- Found rosidl_adapter: 3.1.8 (/opt/ros/humble/share/rosidl_adapter/cmake)
[0.159s] -- Found rosidl_generator_cpp: 3.1.8 (/opt/ros/humble/share/rosidl_generator_cpp/cmake)
[0.164s] -- Using all available rosidl_typesupport_c: rosidl_typesupport_fastrtps_c;rosidl_typesupport_introspection_c
[0.171s] -- Using all available rosidl_typesupport_cpp: rosidl_typesupport_fastrtps_cpp;rosidl_typesupport_introspection_cpp
[0.189s] -- Found rmw_implementation_cmake: 6.1.2 (/opt/ros/humble/share/rmw_implementation_cmake/cmake)
[0.191s] -- Found rmw_fastrtps_cpp: 6.2.9 (/opt/ros/humble/share/rmw_fastrtps_cpp/cmake)
[0.264s] -- Using RMW implementation 'rmw_fastrtps_cpp' as default
[0.293s] -- Found rclcpp_lifecycle: 16.0.17 (/opt/ros/humble/share/rclcpp_lifecycle/cmake)
[0.302s] -- Found rclcpp_action: 16.0.17 (/opt/ros/humble/share/rclcpp_action/cmake)
[0.322s] -- Found nav_msgs: 4.9.0 (/opt/ros/humble/share/nav_msgs/cmake)
[0.342s] -- Found sensor_msgs: 4.9.0 (/opt/ros/humble/share/sensor_msgs/cmake)
[0.352s] -- Found tf2: 0.25.18 (/opt/ros/humble/share/tf2/cmake)
[0.355s] -- Found tf2_ros: 0.25.18 (/opt/ros/humble/share/tf2_ros/cmake)
[0.385s] -- Found tf2_geometry_msgs: 0.25.18 (/opt/ros/humble/share/tf2_geometry_msgs/cmake)
[0.387s] -- Found eigen3_cmake_module: 0.1.1 (/opt/ros/humble/share/eigen3_cmake_module/cmake)
[0.388s] -- Ensuring Eigen3 include directory is part of orocos-kdl CMake target
[0.390s] -- Found behaviortree_cpp: 4.9.0 (/opt/ros/humble/share/behaviortree_cpp/cmake)
[0.391s] -- Found nav2_msgs: 1.1.20 (/opt/ros/humble/share/nav2_msgs/cmake)
[0.467s] -- Configuring done
[0.497s] -- Generating done
[0.507s] -- Build files have been written to: /home/shcho/mydrivesim/build/tb3_standalone_nav
[0.534s] [35m[1mConsolidate compiler generated dependencies of target tb3_standalone_core[0m
[0.546s] [ 33%] Built target tb3_standalone_core
[0.561s] [35m[1mConsolidate compiler generated dependencies of target dwa_controller_server[0m
[0.571s] [ 40%] [32mBuilding CXX object CMakeFiles/a_star_planner_server.dir/src/planner/a_star_planner_server.cpp.o[0m
[0.576s] [ 46%] [32mBuilding CXX object CMakeFiles/dwa_controller_server.dir/src/controller/dwa_controller_server.cpp.o[0m
[7.290s] [ 53%] [32m[1mLinking CXX executable a_star_planner_server[0m
[7.512s] [ 60%] [32m[1mLinking CXX executable dwa_controller_server[0m
[7.943s] [ 60%] Built target a_star_planner_server
[7.946s] [ 60%] Built target dwa_controller_server
[7.975s] [ 66%] [32mBuilding CXX object CMakeFiles/ekf_node.dir/src/estimation/ekf_node.cpp.o[0m
[7.976s] [ 73%] [32mBuilding CXX object CMakeFiles/amcl_node.dir/src/estimation/amcl_node.cpp.o[0m
[10.140s] [ 80%] [32m[1mLinking CXX executable amcl_node[0m
[10.260s] [ 80%] Built target amcl_node
[10.276s] [ 86%] [32mBuilding CXX object CMakeFiles/bt_navigator.dir/src/bt/bt_navigator.cpp.o[0m
[12.118s] [01m[K/home/shcho/mydrivesim/src/tb3_standalone_nav/src/bt/bt_navigator.cpp:[m[K In member function ‘[01m[Kvirtual void tb3_standalone_nav::bt::ComputePathToPoseAction::on_result(const rclcpp_action::ClientGoalHandle<nav2_msgs::action::NavigateToPose>::WrappedResult&)[m[K’:
[12.118s] [01m[K/home/shcho/mydrivesim/src/tb3_standalone_nav/src/bt/bt_navigator.cpp:55:40:[m[K [01;31m[Kerror: [m[K‘[01m[Kusing element_type = struct nav2_msgs::action::NavigateToPose_Result_<std::allocator<void> >[m[K’ {aka ‘[01m[Kstruct nav2_msgs::action::NavigateToPose_Result_<std::allocator<void> >[m[K’} has no member named ‘[01m[Kpath[m[K’
[12.119s]    55 |       setOutput("path", result.result->[01;31m[Kpath[m[K);
[12.119s]       |                                        [01;31m[K^~~~[m[K
[13.459s] gmake[2]: *** [CMakeFiles/bt_navigator.dir/build.make:76: CMakeFiles/bt_navigator.dir/src/bt/bt_navigator.cpp.o] Error 1
[13.459s] gmake[1]: *** [CMakeFiles/Makefile2:277: CMakeFiles/bt_navigator.dir/all] Error 2
[13.459s] gmake[1]: *** Waiting for unfinished jobs....
[13.820s] [ 93%] [32m[1mLinking CXX executable ekf_node[0m
[14.194s] [ 93%] Built target ekf_node
[14.203s] gmake: *** [Makefile:146: all] Error 2
[14.212s] Invoked command in '/home/shcho/mydrivesim/build/tb3_standalone_nav' returned '2': CMAKE_PREFIX_PATH=/opt/ros/humble /usr/bin/cmake --build /home/shcho/mydrivesim/build/tb3_standalone_nav -- -j2 -l2
