[0.015s] Invoking command in '/home/shcho/mydrivesim/build/tb3_standalone_nav': CMAKE_PREFIX_PATH=${CMAKE_PREFIX_PATH}:/opt/ros/humble /usr/bin/cmake --build /home/shcho/mydrivesim/build/tb3_standalone_nav -- -j2 -l2
[0.069s] [ 33%] Built target tb3_standalone_core
[0.094s] [ 46%] Built target a_star_planner_server
[0.120s] [ 60%] Built target dwa_controller_server
[0.148s] [ 73%] Built target ekf_node
[0.171s] [ 80%] [32mBuilding CXX object CMakeFiles/amcl_node.dir/src/estimation/amcl_node.cpp.o[0m
[4.718s] [ 86%] [32m[1mLinking CXX executable amcl_node[0m
[4.998s] [ 86%] Built target amcl_node
[5.059s] [100%] Built target bt_navigator
[5.068s] Invoked command in '/home/shcho/mydrivesim/build/tb3_standalone_nav' returned '0': CMAKE_PREFIX_PATH=${CMAKE_PREFIX_PATH}:/opt/ros/humble /usr/bin/cmake --build /home/shcho/mydrivesim/build/tb3_standalone_nav -- -j2 -l2
[5.080s] Invoking command in '/home/shcho/mydrivesim/build/tb3_standalone_nav': CMAKE_PREFIX_PATH=${CMAKE_PREFIX_PATH}:/opt/ros/humble /usr/bin/cmake --install /home/shcho/mydrivesim/build/tb3_standalone_nav
[5.083s] -- Install configuration: ""
[5.083s] -- Up-to-date: /home/shcho/mydrivesim/install/tb3_standalone_nav/include
[5.083s] -- Up-to-date: /home/shcho/mydrivesim/install/tb3_standalone_nav/include/tb3_standalone_nav
[5.083s] -- Up-to-date: /home/shcho/mydrivesim/install/tb3_standalone_nav/include/tb3_standalone_nav/bt
[5.084s] -- Up-to-date: /home/shcho/mydrivesim/install/tb3_standalone_nav/include/tb3_standalone_nav/bt/bt_action_node.hpp
[5.084s] -- Up-to-date: /home/shcho/mydrivesim/install/tb3_standalone_nav/include/tb3_standalone_nav/planner
[5.084s] -- Up-to-date: /home/shcho/mydrivesim/install/tb3_standalone_nav/include/tb3_standalone_nav/planner/a_star_planner_server.hpp
[5.084s] -- Up-to-date: /home/shcho/mydrivesim/install/tb3_standalone_nav/include/tb3_standalone_nav/core
[5.084s] -- Up-to-date: /home/shcho/mydrivesim/install/tb3_standalone_nav/include/tb3_standalone_nav/core/lifecycle_node_base.hpp
[5.084s] -- Up-to-date: /home/shcho/mydrivesim/install/tb3_standalone_nav/include/tb3_standalone_nav/visibility_control.h
[5.084s] -- Up-to-date: /home/shcho/mydrivesim/install/tb3_standalone_nav/include/tb3_standalone_nav/estimation
[5.084s] -- Installing: /home/shcho/mydrivesim/install/tb3_standalone_nav/include/tb3_standalone_nav/estimation/amcl_node.hpp
[5.084s] -- Up-to-date: /home/shcho/mydrivesim/install/tb3_standalone_nav/include/tb3_standalone_nav/estimation/ekf_node.hpp
[5.084s] -- Up-to-date: /home/shcho/mydrivesim/install/tb3_standalone_nav/include/tb3_standalone_nav/controller
[5.084s] -- Up-to-date: /home/shcho/mydrivesim/install/tb3_standalone_nav/include/tb3_standalone_nav/controller/dwa_controller_server.hpp
[5.084s] -- Up-to-date: /home/shcho/mydrivesim/install/tb3_standalone_nav/include/tb3_standalone_nav/costmap
[5.085s] -- Up-to-date: /home/shcho/mydrivesim/install/tb3_standalone_nav/include/tb3_standalone_nav/costmap/edt.hpp
[5.085s] -- Up-to-date: /home/shcho/mydrivesim/install/tb3_standalone_nav/include/tb3_standalone_nav/costmap/costmap_2d.hpp
[5.085s] -- Up-to-date: /home/shcho/mydrivesim/install/tb3_standalone_nav/include/tb3_standalone_nav/costmap/dynamic_obstacle_layer.hpp
[5.085s] -- Up-to-date: /home/shcho/mydrivesim/install/tb3_standalone_nav/share/tb3_standalone_nav/behavior_trees
[5.085s] -- Up-to-date: /home/shcho/mydrivesim/install/tb3_standalone_nav/share/tb3_standalone_nav/behavior_trees/navigate_to_pose.xml
[5.085s] -- Up-to-date: /home/shcho/mydrivesim/install/tb3_standalone_nav/share/tb3_standalone_nav/launch
[5.085s] -- Up-to-date: /home/shcho/mydrivesim/install/tb3_standalone_nav/share/tb3_standalone_nav/launch/tb3_nav_launch.py
[5.085s] -- Up-to-date: /home/shcho/mydrivesim/install/tb3_standalone_nav/lib/libtb3_standalone_core.so
[5.085s] -- Up-to-date: /home/shcho/mydrivesim/install/tb3_standalone_nav/lib/tb3_standalone_nav/a_star_planner_server
[5.085s] -- Up-to-date: /home/shcho/mydrivesim/install/tb3_standalone_nav/lib/tb3_standalone_nav/dwa_controller_server
[5.085s] -- Up-to-date: /home/shcho/mydrivesim/install/tb3_standalone_nav/lib/tb3_standalone_nav/ekf_node
[5.085s] -- Installing: /home/shcho/mydrivesim/install/tb3_standalone_nav/lib/tb3_standalone_nav/amcl_node
[5.087s] -- Set runtime path of "/home/shcho/mydrivesim/install/tb3_standalone_nav/lib/tb3_standalone_nav/amcl_node" to ""
[5.087s] -- Up-to-date: /home/shcho/mydrivesim/install/tb3_standalone_nav/lib/tb3_standalone_nav/bt_navigator
[5.087s] -- Up-to-date: /home/shcho/mydrivesim/install/tb3_standalone_nav/share/ament_index/resource_index/package_run_dependencies/tb3_standalone_nav
[5.087s] -- Up-to-date: /home/shcho/mydrivesim/install/tb3_standalone_nav/share/ament_index/resource_index/parent_prefix_path/tb3_standalone_nav
[5.088s] -- Up-to-date: /home/shcho/mydrivesim/install/tb3_standalone_nav/share/tb3_standalone_nav/environment/ament_prefix_path.sh
[5.088s] -- Up-to-date: /home/shcho/mydrivesim/install/tb3_standalone_nav/share/tb3_standalone_nav/environment/ament_prefix_path.dsv
[5.088s] -- Up-to-date: /home/shcho/mydrivesim/install/tb3_standalone_nav/share/tb3_standalone_nav/environment/path.sh
[5.088s] -- Up-to-date: /home/shcho/mydrivesim/install/tb3_standalone_nav/share/tb3_standalone_nav/environment/path.dsv
[5.088s] -- Up-to-date: /home/shcho/mydrivesim/install/tb3_standalone_nav/share/tb3_standalone_nav/local_setup.bash
[5.088s] -- Up-to-date: /home/shcho/mydrivesim/install/tb3_standalone_nav/share/tb3_standalone_nav/local_setup.sh
[5.088s] -- Up-to-date: /home/shcho/mydrivesim/install/tb3_standalone_nav/share/tb3_standalone_nav/local_setup.zsh
[5.088s] -- Up-to-date: /home/shcho/mydrivesim/install/tb3_standalone_nav/share/tb3_standalone_nav/local_setup.dsv
[5.088s] -- Installing: /home/shcho/mydrivesim/install/tb3_standalone_nav/share/tb3_standalone_nav/package.dsv
[5.088s] -- Up-to-date: /home/shcho/mydrivesim/install/tb3_standalone_nav/share/ament_index/resource_index/packages/tb3_standalone_nav
[5.089s] -- Up-to-date: /home/shcho/mydrivesim/install/tb3_standalone_nav/share/tb3_standalone_nav/cmake/tb3_standalone_navConfig.cmake
[5.089s] -- Up-to-date: /home/shcho/mydrivesim/install/tb3_standalone_nav/share/tb3_standalone_nav/cmake/tb3_standalone_navConfig-version.cmake
[5.089s] -- Up-to-date: /home/shcho/mydrivesim/install/tb3_standalone_nav/share/tb3_standalone_nav/package.xml
[5.092s] Invoked command in '/home/shcho/mydrivesim/build/tb3_standalone_nav' returned '0': CMAKE_PREFIX_PATH=${CMAKE_PREFIX_PATH}:/opt/ros/humble /usr/bin/cmake --install /home/shcho/mydrivesim/build/tb3_standalone_nav
