[0.006s] Invoking command in '/home/shcho/mydrivesim/build/tb3_standalone_nav': CMAKE_PREFIX_PATH=${CMAKE_PREFIX_PATH}:/opt/ros/humble /usr/bin/cmake --build /home/shcho/mydrivesim/build/tb3_standalone_nav -- -j2 -l2
[0.054s] [ 29%] Built target tb3_standalone_core
[0.074s] [ 41%] Built target lifecycle_manager_node
[0.099s] [ 52%] Built target a_star_planner_server
[0.115s] [35m[1mConsolidate compiler generated dependencies of target dwa_controller_server[0m
[0.129s] [ 58%] [32mBuilding CXX object CMakeFiles/dwa_controller_server.dir/src/controller/dwa_controller_server.cpp.o[0m
[7.673s] [ 64%] [32m[1mLinking CXX executable dwa_controller_server[0m
[8.172s] [ 64%] Built target dwa_controller_server
[8.191s] [ 76%] Built target ekf_node
[8.215s] [ 88%] Built target amcl_node
[8.244s] [100%] Built target bt_navigator
[8.266s] Invoked command in '/home/shcho/mydrivesim/build/tb3_standalone_nav' returned '0': CMAKE_PREFIX_PATH=${CMAKE_PREFIX_PATH}:/opt/ros/humble /usr/bin/cmake --build /home/shcho/mydrivesim/build/tb3_standalone_nav -- -j2 -l2
[8.267s] Invoking command in '/home/shcho/mydrivesim/build/tb3_standalone_nav': CMAKE_PREFIX_PATH=${CMAKE_PREFIX_PATH}:/opt/ros/humble /usr/bin/cmake --install /home/shcho/mydrivesim/build/tb3_standalone_nav
[8.274s] -- Install configuration: ""
[8.274s] -- Up-to-date: /home/shcho/mydrivesim/install/tb3_standalone_nav/include
[8.274s] -- Up-to-date: /home/shcho/mydrivesim/install/tb3_standalone_nav/include/tb3_standalone_nav
[8.275s] -- Up-to-date: /home/shcho/mydrivesim/install/tb3_standalone_nav/include/tb3_standalone_nav/bt
[8.275s] -- Up-to-date: /home/shcho/mydrivesim/install/tb3_standalone_nav/include/tb3_standalone_nav/bt/bt_action_node.hpp
[8.275s] -- Up-to-date: /home/shcho/mydrivesim/install/tb3_standalone_nav/include/tb3_standalone_nav/planner
[8.275s] -- Up-to-date: /home/shcho/mydrivesim/install/tb3_standalone_nav/include/tb3_standalone_nav/planner/a_star_planner_server.hpp
[8.275s] -- Up-to-date: /home/shcho/mydrivesim/install/tb3_standalone_nav/include/tb3_standalone_nav/core
[8.275s] -- Up-to-date: /home/shcho/mydrivesim/install/tb3_standalone_nav/include/tb3_standalone_nav/core/lifecycle_node_base.hpp
[8.275s] -- Up-to-date: /home/shcho/mydrivesim/install/tb3_standalone_nav/include/tb3_standalone_nav/visibility_control.h
[8.275s] -- Up-to-date: /home/shcho/mydrivesim/install/tb3_standalone_nav/include/tb3_standalone_nav/estimation
[8.275s] -- Up-to-date: /home/shcho/mydrivesim/install/tb3_standalone_nav/include/tb3_standalone_nav/estimation/amcl_node.hpp
[8.275s] -- Up-to-date: /home/shcho/mydrivesim/install/tb3_standalone_nav/include/tb3_standalone_nav/estimation/ekf_node.hpp
[8.275s] -- Up-to-date: /home/shcho/mydrivesim/install/tb3_standalone_nav/include/tb3_standalone_nav/controller
[8.275s] -- Up-to-date: /home/shcho/mydrivesim/install/tb3_standalone_nav/include/tb3_standalone_nav/controller/dwa_controller_server.hpp
[8.275s] -- Up-to-date: /home/shcho/mydrivesim/install/tb3_standalone_nav/include/tb3_standalone_nav/costmap
[8.275s] -- Up-to-date: /home/shcho/mydrivesim/install/tb3_standalone_nav/include/tb3_standalone_nav/costmap/edt.hpp
[8.275s] -- Up-to-date: /home/shcho/mydrivesim/install/tb3_standalone_nav/include/tb3_standalone_nav/costmap/costmap_2d.hpp
[8.276s] -- Up-to-date: /home/shcho/mydrivesim/install/tb3_standalone_nav/include/tb3_standalone_nav/costmap/dynamic_obstacle_layer.hpp
[8.276s] -- Up-to-date: /home/shcho/mydrivesim/install/tb3_standalone_nav/share/tb3_standalone_nav/behavior_trees
[8.276s] -- Up-to-date: /home/shcho/mydrivesim/install/tb3_standalone_nav/share/tb3_standalone_nav/behavior_trees/navigate_to_pose.xml
[8.276s] -- Up-to-date: /home/shcho/mydrivesim/install/tb3_standalone_nav/share/tb3_standalone_nav/launch
[8.276s] -- Up-to-date: /home/shcho/mydrivesim/install/tb3_standalone_nav/share/tb3_standalone_nav/launch/tb3_nav_launch.py
[8.276s] -- Up-to-date: /home/shcho/mydrivesim/install/tb3_standalone_nav/lib/libtb3_standalone_core.so
[8.276s] -- Up-to-date: /home/shcho/mydrivesim/install/tb3_standalone_nav/lib/tb3_standalone_nav/a_star_planner_server
[8.276s] -- Installing: /home/shcho/mydrivesim/install/tb3_standalone_nav/lib/tb3_standalone_nav/dwa_controller_server
[8.279s] -- Set runtime path of "/home/shcho/mydrivesim/install/tb3_standalone_nav/lib/tb3_standalone_nav/dwa_controller_server" to ""
[8.279s] -- Up-to-date: /home/shcho/mydrivesim/install/tb3_standalone_nav/lib/tb3_standalone_nav/ekf_node
[8.280s] -- Up-to-date: /home/shcho/mydrivesim/install/tb3_standalone_nav/lib/tb3_standalone_nav/amcl_node
[8.280s] -- Up-to-date: /home/shcho/mydrivesim/install/tb3_standalone_nav/lib/tb3_standalone_nav/bt_navigator
[8.280s] -- Up-to-date: /home/shcho/mydrivesim/install/tb3_standalone_nav/lib/tb3_standalone_nav/lifecycle_manager_node
[8.280s] -- Up-to-date: /home/shcho/mydrivesim/install/tb3_standalone_nav/share/ament_index/resource_index/package_run_dependencies/tb3_standalone_nav
[8.280s] -- Up-to-date: /home/shcho/mydrivesim/install/tb3_standalone_nav/share/ament_index/resource_index/parent_prefix_path/tb3_standalone_nav
[8.280s] -- Up-to-date: /home/shcho/mydrivesim/install/tb3_standalone_nav/share/tb3_standalone_nav/environment/ament_prefix_path.sh
[8.281s] -- Up-to-date: /home/shcho/mydrivesim/install/tb3_standalone_nav/share/tb3_standalone_nav/environment/ament_prefix_path.dsv
[8.281s] -- Up-to-date: /home/shcho/mydrivesim/install/tb3_standalone_nav/share/tb3_standalone_nav/environment/path.sh
[8.281s] -- Up-to-date: /home/shcho/mydrivesim/install/tb3_standalone_nav/share/tb3_standalone_nav/environment/path.dsv
[8.281s] -- Up-to-date: /home/shcho/mydrivesim/install/tb3_standalone_nav/share/tb3_standalone_nav/local_setup.bash
[8.281s] -- Up-to-date: /home/shcho/mydrivesim/install/tb3_standalone_nav/share/tb3_standalone_nav/local_setup.sh
[8.281s] -- Up-to-date: /home/shcho/mydrivesim/install/tb3_standalone_nav/share/tb3_standalone_nav/local_setup.zsh
[8.281s] -- Up-to-date: /home/shcho/mydrivesim/install/tb3_standalone_nav/share/tb3_standalone_nav/local_setup.dsv
[8.281s] -- Installing: /home/shcho/mydrivesim/install/tb3_standalone_nav/share/tb3_standalone_nav/package.dsv
[8.281s] -- Up-to-date: /home/shcho/mydrivesim/install/tb3_standalone_nav/share/ament_index/resource_index/packages/tb3_standalone_nav
[8.281s] -- Up-to-date: /home/shcho/mydrivesim/install/tb3_standalone_nav/share/tb3_standalone_nav/cmake/tb3_standalone_navConfig.cmake
[8.281s] -- Up-to-date: /home/shcho/mydrivesim/install/tb3_standalone_nav/share/tb3_standalone_nav/cmake/tb3_standalone_navConfig-version.cmake
[8.281s] -- Up-to-date: /home/shcho/mydrivesim/install/tb3_standalone_nav/share/tb3_standalone_nav/package.xml
[8.285s] Invoked command in '/home/shcho/mydrivesim/build/tb3_standalone_nav' returned '0': CMAKE_PREFIX_PATH=${CMAKE_PREFIX_PATH}:/opt/ros/humble /usr/bin/cmake --install /home/shcho/mydrivesim/build/tb3_standalone_nav
