[0.021s] Invoking command in '/home/shcho/mydrivesim/build/tb3_standalone_nav': CMAKE_PREFIX_PATH=/opt/ros/humble /usr/bin/cmake --build /home/shcho/mydrivesim/build/tb3_standalone_nav -- -j2 -l2
[0.284s] [ 11%] Built target lifecycle_manager_node
[0.287s] [ 41%] Built target tb3_standalone_core
[0.319s] [35m[1mConsolidate compiler generated dependencies of target a_star_planner_server[0m
[0.381s] [ 52%] Built target a_star_planner_server
[0.381s] [ 64%] Built target dwa_controller_server
[0.433s] [ 76%] Built target amcl_node
[0.434s] [ 88%] Built target ekf_node
[0.477s] [100%] Built target bt_navigator
[0.489s] Invoked command in '/home/shcho/mydrivesim/build/tb3_standalone_nav' returned '0': CMAKE_PREFIX_PATH=/opt/ros/humble /usr/bin/cmake --build /home/shcho/mydrivesim/build/tb3_standalone_nav -- -j2 -l2
[0.500s] Invoking command in '/home/shcho/mydrivesim/build/tb3_standalone_nav': CMAKE_PREFIX_PATH=/opt/ros/humble /usr/bin/cmake --install /home/shcho/mydrivesim/build/tb3_standalone_nav
[0.508s] -- Install configuration: ""
[0.509s] -- Up-to-date: /home/shcho/mydrivesim/install/tb3_standalone_nav/include
[0.509s] -- Up-to-date: /home/shcho/mydrivesim/install/tb3_standalone_nav/include/tb3_standalone_nav
[0.509s] -- Up-to-date: /home/shcho/mydrivesim/install/tb3_standalone_nav/include/tb3_standalone_nav/bt
[0.511s] -- Up-to-date: /home/shcho/mydrivesim/install/tb3_standalone_nav/include/tb3_standalone_nav/bt/bt_action_node.hpp
[0.511s] -- Up-to-date: /home/shcho/mydrivesim/install/tb3_standalone_nav/include/tb3_standalone_nav/planner
[0.511s] -- Up-to-date: /home/shcho/mydrivesim/install/tb3_standalone_nav/include/tb3_standalone_nav/planner/a_star_planner_server.hpp
[0.511s] -- Up-to-date: /home/shcho/mydrivesim/install/tb3_standalone_nav/include/tb3_standalone_nav/core
[0.511s] -- Up-to-date: /home/shcho/mydrivesim/install/tb3_standalone_nav/include/tb3_standalone_nav/core/lifecycle_node_base.hpp
[0.511s] -- Up-to-date: /home/shcho/mydrivesim/install/tb3_standalone_nav/include/tb3_standalone_nav/visibility_control.h
[0.511s] -- Up-to-date: /home/shcho/mydrivesim/install/tb3_standalone_nav/include/tb3_standalone_nav/estimation
[0.511s] -- Up-to-date: /home/shcho/mydrivesim/install/tb3_standalone_nav/include/tb3_standalone_nav/estimation/amcl_node.hpp
[0.511s] -- Up-to-date: /home/shcho/mydrivesim/install/tb3_standalone_nav/include/tb3_standalone_nav/estimation/ekf_node.hpp
[0.511s] -- Up-to-date: /home/shcho/mydrivesim/install/tb3_standalone_nav/include/tb3_standalone_nav/controller
[0.511s] -- Up-to-date: /home/shcho/mydrivesim/install/tb3_standalone_nav/include/tb3_standalone_nav/controller/dwa_controller_server.hpp
[0.511s] -- Up-to-date: /home/shcho/mydrivesim/install/tb3_standalone_nav/include/tb3_standalone_nav/costmap
[0.513s] -- Up-to-date: /home/shcho/mydrivesim/install/tb3_standalone_nav/include/tb3_standalone_nav/costmap/edt.hpp
[0.513s] -- Up-to-date: /home/shcho/mydrivesim/install/tb3_standalone_nav/include/tb3_standalone_nav/costmap/costmap_2d.hpp
[0.513s] -- Up-to-date: /home/shcho/mydrivesim/install/tb3_standalone_nav/include/tb3_standalone_nav/costmap/dynamic_obstacle_layer.hpp
[0.513s] -- Up-to-date: /home/shcho/mydrivesim/install/tb3_standalone_nav/share/tb3_standalone_nav/behavior_trees
[0.513s] -- Installing: /home/shcho/mydrivesim/install/tb3_standalone_nav/share/tb3_standalone_nav/behavior_trees/navigate_to_pose.xml
[0.513s] -- Up-to-date: /home/shcho/mydrivesim/install/tb3_standalone_nav/share/tb3_standalone_nav/launch
[0.514s] -- Up-to-date: /home/shcho/mydrivesim/install/tb3_standalone_nav/share/tb3_standalone_nav/launch/tb3_nav_launch.py
[0.516s] -- Up-to-date: /home/shcho/mydrivesim/install/tb3_standalone_nav/lib/libtb3_standalone_core.so
[0.517s] -- Up-to-date: /home/shcho/mydrivesim/install/tb3_standalone_nav/lib/tb3_standalone_nav/a_star_planner_server
[0.519s] -- Up-to-date: /home/shcho/mydrivesim/install/tb3_standalone_nav/lib/tb3_standalone_nav/dwa_controller_server
[0.519s] -- Up-to-date: /home/shcho/mydrivesim/install/tb3_standalone_nav/lib/tb3_standalone_nav/ekf_node
[0.521s] -- Up-to-date: /home/shcho/mydrivesim/install/tb3_standalone_nav/lib/tb3_standalone_nav/amcl_node
[0.522s] -- Up-to-date: /home/shcho/mydrivesim/install/tb3_standalone_nav/lib/tb3_standalone_nav/bt_navigator
[0.523s] -- Up-to-date: /home/shcho/mydrivesim/install/tb3_standalone_nav/lib/tb3_standalone_nav/lifecycle_manager_node
[0.524s] -- Up-to-date: /home/shcho/mydrivesim/install/tb3_standalone_nav/share/ament_index/resource_index/package_run_dependencies/tb3_standalone_nav
[0.525s] -- Up-to-date: /home/shcho/mydrivesim/install/tb3_standalone_nav/share/ament_index/resource_index/parent_prefix_path/tb3_standalone_nav
[0.525s] -- Up-to-date: /home/shcho/mydrivesim/install/tb3_standalone_nav/share/tb3_standalone_nav/environment/ament_prefix_path.sh
[0.525s] -- Up-to-date: /home/shcho/mydrivesim/install/tb3_standalone_nav/share/tb3_standalone_nav/environment/ament_prefix_path.dsv
[0.526s] -- Up-to-date: /home/shcho/mydrivesim/install/tb3_standalone_nav/share/tb3_standalone_nav/environment/path.sh
[0.526s] -- Up-to-date: /home/shcho/mydrivesim/install/tb3_standalone_nav/share/tb3_standalone_nav/environment/path.dsv
[0.526s] -- Up-to-date: /home/shcho/mydrivesim/install/tb3_standalone_nav/share/tb3_standalone_nav/local_setup.bash
[0.526s] -- Up-to-date: /home/shcho/mydrivesim/install/tb3_standalone_nav/share/tb3_standalone_nav/local_setup.sh
[0.526s] -- Up-to-date: /home/shcho/mydrivesim/install/tb3_standalone_nav/share/tb3_standalone_nav/local_setup.zsh
[0.526s] -- Up-to-date: /home/shcho/mydrivesim/install/tb3_standalone_nav/share/tb3_standalone_nav/local_setup.dsv
[0.526s] -- Installing: /home/shcho/mydrivesim/install/tb3_standalone_nav/share/tb3_standalone_nav/package.dsv
[0.527s] -- Up-to-date: /home/shcho/mydrivesim/install/tb3_standalone_nav/share/ament_index/resource_index/packages/tb3_standalone_nav
[0.527s] -- Up-to-date: /home/shcho/mydrivesim/install/tb3_standalone_nav/share/tb3_standalone_nav/cmake/tb3_standalone_navConfig.cmake
[0.529s] -- Up-to-date: /home/shcho/mydrivesim/install/tb3_standalone_nav/share/tb3_standalone_nav/cmake/tb3_standalone_navConfig-version.cmake
[0.529s] -- Up-to-date: /home/shcho/mydrivesim/install/tb3_standalone_nav/share/tb3_standalone_nav/package.xml
[0.529s] Invoked command in '/home/shcho/mydrivesim/build/tb3_standalone_nav' returned '0': CMAKE_PREFIX_PATH=/opt/ros/humble /usr/bin/cmake --install /home/shcho/mydrivesim/build/tb3_standalone_nav
