[ 33%] Built target tb3_standalone_core
[35m[1mConsolidate compiler generated dependencies of target a_star_planner_server[0m
[35m[1mConsolidate compiler generated dependencies of target dwa_controller_server[0m
[ 46%] Built target a_star_planner_server
[ 60%] Built target dwa_controller_server
[35m[1mConsolidate compiler generated dependencies of target amcl_node[0m
[35m[1mConsolidate compiler generated dependencies of target ekf_node[0m
[ 73%] Built target ekf_node
[ 86%] Built target amcl_node
[35m[1mConsolidate compiler generated dependencies of target bt_navigator[0m
[ 93%] [32mBuilding CXX object CMakeFiles/bt_navigator.dir/src/bt/bt_navigator.cpp.o[0m
[01m[K/home/shcho/mydrivesim/src/tb3_standalone_nav/src/bt/bt_navigator.cpp:79:2:[m[K [01;31m[Kerror: [m[Kexpected ‘[01m[K;[m[K’ after class definition
   79 | }[01;31m[K [m[K // namespace bt
      |  [01;31m[K^[m[K
      |  [32m[K;[m[K
[01m[K/home/shcho/mydrivesim/src/tb3_standalone_nav/src/bt/bt_navigator.cpp:[m[K In member function ‘[01m[Kvirtual void tb3_standalone_nav::bt::ComputePathToPoseAction::on_result(const rclcpp_action::ClientGoalHandle<nav2_msgs::action::NavigateToPose>::WrappedResult&)[m[K’:
[01m[K/home/shcho/mydrivesim/src/tb3_standalone_nav/src/bt/bt_navigator.cpp:53:89:[m[K [01;35m[Kwarning: [m[Kunused parameter ‘[01m[Kresult[m[K’ [[01;35m[K]8;;https://gcc.gnu.org/onlinedocs/gcc/Warning-Options.html#index-Wunused-parameter-Wunused-parameter]8;;[m[K]
   53 | [01;35m[Kp_action::ClientGoalHandle<NavigateToPose>::WrappedResult & result[m[K) override {
      | [01;35m[K~~~~~~~~~~~~~~~~~~~~~~~~~~~~~~~~~~~~~~~~~~~~~~~~~~~~~~~~~~~~^~~~~~[m[K

[01m[K/home/shcho/mydrivesim/src/tb3_standalone_nav/src/bt/bt_navigator.cpp:[m[K In function ‘[01m[Kint tb3_standalone_nav::main(int, char**)[m[K’:
[01m[K/home/shcho/mydrivesim/src/tb3_standalone_nav/src/bt/bt_navigator.cpp:97:51:[m[K [01;31m[Kerror: [m[K‘[01m[KFollowPathAction[m[K’ is not a member of ‘[01m[Ktb3_standalone_nav::bt[m[K’; did you mean ‘[01m[KFollowPath[m[K’?
   97 |   factory.registerBuilder<tb3_standalone_nav::bt::[01;31m[KFollowPathAction[m[K>("FollowPath",
      |                                                   [01;31m[K^~~~~~~~~~~~~~~~[m[K
      |                                                   [32m[KFollowPath[m[K
[01m[K/home/shcho/mydrivesim/src/tb3_standalone_nav/src/bt/bt_navigator.cpp:[m[K In lambda function:
[01m[K/home/shcho/mydrivesim/src/tb3_standalone_nav/src/bt/bt_navigator.cpp:99:67:[m[K [01;31m[Kerror: [m[K‘[01m[KFollowPathAction[m[K’ is not a member of ‘[01m[Ktb3_standalone_nav::bt[m[K’; did you mean ‘[01m[KFollowPath[m[K’?
   99 | auto action_node = std::make_unique<tb3_standalone_nav::bt::[01;31m[KFollowPathAction[m[K>(name, config);
      |                                                             [01;31m[K^~~~~~~~~~~~~~~~[m[K
      |                                                             [32m[KFollowPath[m[K
[01m[K/home/shcho/mydrivesim/src/tb3_standalone_nav/src/bt/bt_navigator.cpp:99:84:[m[K [01;31m[Kerror: [m[Kno matching function for call to ‘[01m[Kmake_unique<<expression error> >(const string&, const BT::NodeConfig&)[m[K’
   99 | = [01;31m[Kstd::make_unique<tb3_standalone_nav::bt::FollowPathAction>(name, config)[m[K;
      |   [01;31m[K~~~~~~~~~~~~~~~~~~~~~~~~~~~~~~~~~~~~~~~~~~~~~~~~~~~~~~~~~~^~~~~~~~~~~~~~[m[K

In file included from [01m[K/usr/include/c++/11/memory:76[m[K,
                 from [01m[K/home/shcho/mydrivesim/src/tb3_standalone_nav/src/bt/bt_navigator.cpp:1[m[K:
[01m[K/usr/include/c++/11/bits/unique_ptr.h:961:5:[m[K [01;36m[Knote: [m[Kcandidate: ‘[01m[Ktemplate<class _Tp, class ... _Args> typename std::_MakeUniq<_Tp>::__single_object std::make_unique(_Args&& ...)[m[K’
  961 |     [01;36m[Kmake_unique[m[K(_Args&&... __args)
      |     [01;36m[K^~~~~~~~~~~[m[K
[01m[K/usr/include/c++/11/bits/unique_ptr.h:961:5:[m[K [01;36m[Knote: [m[K  template argument deduction/substitution failed:
[01m[K/home/shcho/mydrivesim/src/tb3_standalone_nav/src/bt/bt_navigator.cpp:99:84:[m[K [01;31m[Kerror: [m[Ktemplate argument 1 is invalid
   99 | = [01;31m[Kstd::make_unique<tb3_standalone_nav::bt::FollowPathAction>(name, config)[m[K;
      |   [01;31m[K~~~~~~~~~~~~~~~~~~~~~~~~~~~~~~~~~~~~~~~~~~~~~~~~~~~~~~~~~~^~~~~~~~~~~~~~[m[K

In file included from [01m[K/usr/include/c++/11/memory:76[m[K,
                 from [01m[K/home/shcho/mydrivesim/src/tb3_standalone_nav/src/bt/bt_navigator.cpp:1[m[K:
[01m[K/usr/include/c++/11/bits/unique_ptr.h:967:5:[m[K [01;36m[Knote: [m[Kcandidate: ‘[01m[Ktemplate<class _Tp> typename std::_MakeUniq<_Tp>::__array std::make_unique(std::size_t)[m[K’
  967 |     [01;36m[Kmake_unique[m[K(size_t __num)
      |     [01;36m[K^~~~~~~~~~~[m[K
[01m[K/usr/include/c++/11/bits/unique_ptr.h:967:5:[m[K [01;36m[Knote: [m[K  template argument deduction/substitution failed:
[01m[K/home/shcho/mydrivesim/src/tb3_standalone_nav/src/bt/bt_navigator.cpp:99:84:[m[K [01;31m[Kerror: [m[Ktemplate argument 1 is invalid
   99 | = [01;31m[Kstd::make_unique<tb3_standalone_nav::bt::FollowPathAction>(name, config)[m[K;
      |   [01;31m[K~~~~~~~~~~~~~~~~~~~~~~~~~~~~~~~~~~~~~~~~~~~~~~~~~~~~~~~~~~^~~~~~~~~~~~~~[m[K

In file included from [01m[K/usr/include/c++/11/memory:76[m[K,
                 from [01m[K/home/shcho/mydrivesim/src/tb3_standalone_nav/src/bt/bt_navigator.cpp:1[m[K:
[01m[K/usr/include/c++/11/bits/unique_ptr.h:973:5:[m[K [01;36m[Knote: [m[Kcandidate: ‘[01m[Ktemplate<class _Tp, class ... _Args> typename std::_MakeUniq<_Tp>::__invalid_type std::make_unique(_Args&& ...)[m[K’ (deleted)
  973 |     [01;36m[Kmake_unique[m[K(_Args&&...) = delete;
      |     [01;36m[K^~~~~~~~~~~[m[K
[01m[K/usr/include/c++/11/bits/unique_ptr.h:973:5:[m[K [01;36m[Knote: [m[K  template argument deduction/substitution failed:
[01m[K/home/shcho/mydrivesim/src/tb3_standalone_nav/src/bt/bt_navigator.cpp:99:84:[m[K [01;31m[Kerror: [m[Ktemplate argument 1 is invalid
   99 | = [01;31m[Kstd::make_unique<tb3_standalone_nav::bt::FollowPathAction>(name, config)[m[K;
      |   [01;31m[K~~~~~~~~~~~~~~~~~~~~~~~~~~~~~~~~~~~~~~~~~~~~~~~~~~~~~~~~~~^~~~~~~~~~~~~~[m[K

[01m[K/home/shcho/mydrivesim/src/tb3_standalone_nav/src/bt/bt_navigator.cpp:[m[K In function ‘[01m[Kint tb3_standalone_nav::main(int, char**)[m[K’:
[01m[K/home/shcho/mydrivesim/src/tb3_standalone_nav/src/bt/bt_navigator.cpp:97:68:[m[K [01;31m[Kerror: [m[Kno matching function for call to ‘[01m[KBT::BehaviorTreeFactory::registerBuilder<<expression error> >(const char [11], tb3_standalone_nav::main(int, char**)::<lambda(const string&, const BT::NodeConfig&)>)[m[K’
   97 | [01;31m[Kry.registerBuilder<tb3_standalone_nav::bt::FollowPathAction>("FollowPath",[m[K
      | [01;31m[K~~~~~~~~~~~~~~~~~~~~~~~~~~~~~~~~~~~~~~~~~~~~~~~~~~~~~~~~~~~~^~~~~~~~~~~~~~[m[K

   98 | [01;31m[Kde](const std::string& name, const BT::NodeConfig& config) {[m[K
      | [01;31m[K~~~~~~~~~~~~~~~~~~~~~~~~~~~~~~~~~~~~~~~~~~~~~~~~~~~~~~~~~~~~[m[K 

   99 | [01;31m[Kuto action_node = std::make_unique<tb3_standalone_nav::bt::FollowPathAction>(name, config);[m[K
      | [01;31m[K~~~~~~~~~~~~~~~~~~~~~~~~~~~~~~~~~~~~~~~~~~~~~~~~~~~~~~~~~~~~~~~~~~~~~~~~~~~~~~~~~~~~~~~~~~~[m[K

  100 | [01;31m[Kction_node->initialize(node);[m[K
      | [01;31m[K~~~~~~~~~~~~~~~~~~~~~~~~~~~~~[m[K                                

  101 | [01;31m[Keturn action_node;[m[K
      | [01;31m[K~~~~~~~~~~~~~~~~~~[m[K                                           

  102 | 
      |                                                              

In file included from [01m[K/home/shcho/mydrivesim/src/tb3_standalone_nav/src/bt/bt_navigator.cpp:4[m[K:
[01m[K/opt/ros/humble/include/behaviortree_cpp/bt_factory.h:249:8:[m[K [01;36m[Knote: [m[Kcandidate: ‘[01m[Ktemplate<class T> void BT::BehaviorTreeFactory::registerBuilder(const string&, const NodeBuilder&)[m[K’
  249 |   void [01;36m[KregisterBuilder[m[K(const std::string& ID, const NodeBuilder& builder)
      |        [01;36m[K^~~~~~~~~~~~~~~[m[K
[01m[K/opt/ros/humble/include/behaviortree_cpp/bt_factory.h:249:8:[m[K [01;36m[Knote: [m[K  template argument deduction/substitution failed:
[01m[K/home/shcho/mydrivesim/src/tb3_standalone_nav/src/bt/bt_navigator.cpp:97:68:[m[K [01;31m[Kerror: [m[Ktemplate argument 1 is invalid
   97 | [01;31m[Kry.registerBuilder<tb3_standalone_nav::bt::FollowPathAction>("FollowPath",[m[K
      | [01;31m[K~~~~~~~~~~~~~~~~~~~~~~~~~~~~~~~~~~~~~~~~~~~~~~~~~~~~~~~~~~~~^~~~~~~~~~~~~~[m[K

   98 | [01;31m[Kde](const std::string& name, const BT::NodeConfig& config) {[m[K
      | [01;31m[K~~~~~~~~~~~~~~~~~~~~~~~~~~~~~~~~~~~~~~~~~~~~~~~~~~~~~~~~~~~~[m[K 

   99 | [01;31m[Kuto action_node = std::make_unique<tb3_standalone_nav::bt::FollowPathAction>(name, config);[m[K
      | [01;31m[K~~~~~~~~~~~~~~~~~~~~~~~~~~~~~~~~~~~~~~~~~~~~~~~~~~~~~~~~~~~~~~~~~~~~~~~~~~~~~~~~~~~~~~~~~~~[m[K

  100 | [01;31m[Kction_node->initialize(node);[m[K
      | [01;31m[K~~~~~~~~~~~~~~~~~~~~~~~~~~~~~[m[K                                

  101 | [01;31m[Keturn action_node;[m[K
      | [01;31m[K~~~~~~~~~~~~~~~~~~[m[K                                           

  102 | 
      |                                                              

[01m[K/home/shcho/mydrivesim/src/tb3_standalone_nav/src/bt/bt_navigator.cpp:[m[K At global scope:
[01m[K/home/shcho/mydrivesim/src/tb3_standalone_nav/src/bt/bt_navigator.cpp:161:2:[m[K [01;31m[Kerror: [m[Kexpected ‘[01m[K}[m[K’ at end of input
  161 | }
      |  [01;31m[K^[m[K
[01m[K/home/shcho/mydrivesim/src/tb3_standalone_nav/src/bt/bt_navigator.cpp:30:1:[m[K [01;36m[Knote: [m[Kto match this ‘[01m[K{[m[K’
   30 | [01;36m[K{[m[K
      | [01;36m[K^[m[K
gmake[2]: *** [CMakeFiles/bt_navigator.dir/build.make:76: CMakeFiles/bt_navigator.dir/src/bt/bt_navigator.cpp.o] Error 1
gmake[1]: *** [CMakeFiles/Makefile2:277: CMakeFiles/bt_navigator.dir/all] Error 2
gmake: *** [Makefile:146: all] Error 2
