[0.018s] Invoking command in '/home/shcho/mydrivesim/build/tb3_standalone_nav': CMAKE_PREFIX_PATH=/opt/ros/humble /usr/bin/cmake --build /home/shcho/mydrivesim/build/tb3_standalone_nav -- -j2 -l2
[0.079s] [ 33%] Built target tb3_standalone_core
[0.092s] [35m[1mConsolidate compiler generated dependencies of target a_star_planner_server[0m
[0.092s] [35m[1mConsolidate compiler generated dependencies of target dwa_controller_server[0m
[0.106s] [ 46%] Built target a_star_planner_server
[0.108s] [ 60%] Built target dwa_controller_server
[0.121s] [35m[1mConsolidate compiler generated dependencies of target amcl_node[0m
[0.122s] [35m[1mConsolidate compiler generated dependencies of target ekf_node[0m
[0.141s] [ 73%] Built target ekf_node
[0.143s] [ 86%] Built target amcl_node
[0.153s] [35m[1mConsolidate compiler generated dependencies of target bt_navigator[0m
[0.170s] [ 93%] [32mBuilding CXX object CMakeFiles/bt_navigator.dir/src/bt/bt_navigator.cpp.o[0m
[2.129s] [01m[K/home/shcho/mydrivesim/src/tb3_standalone_nav/src/bt/bt_navigator.cpp:79:2:[m[K [01;31m[Kerror: [m[Kexpected ‘[01m[K;[m[K’ after class definition
[2.129s]    79 | }[01;31m[K [m[K // namespace bt
[2.129s]       |  [01;31m[K^[m[K
[2.129s]       |  [32m[K;[m[K
[2.129s] [01m[K/home/shcho/mydrivesim/src/tb3_standalone_nav/src/bt/bt_navigator.cpp:[m[K In member function ‘[01m[Kvirtual void tb3_standalone_nav::bt::ComputePathToPoseAction::on_result(const rclcpp_action::ClientGoalHandle<nav2_msgs::action::NavigateToPose>::WrappedResult&)[m[K’:
[2.129s] [01m[K/home/shcho/mydrivesim/src/tb3_standalone_nav/src/bt/bt_navigator.cpp:53:89:[m[K [01;35m[Kwarning: [m[Kunused parameter ‘[01m[Kresult[m[K’ [[01;35m[K]8;;https://gcc.gnu.org/onlinedocs/gcc/Warning-Options.html#index-Wunused-parameter-Wunused-parameter]8;;[m[K]
[2.129s]    53 | [01;35m[Kp_action::ClientGoalHandle<NavigateToPose>::WrappedResult & result[m[K) override {
[2.129s]       | [01;35m[K~~~~~~~~~~~~~~~~~~~~~~~~~~~~~~~~~~~~~~~~~~~~~~~~~~~~~~~~~~~~^~~~~~[m[K
[2.129s] 
[2.239s] [01m[K/home/shcho/mydrivesim/src/tb3_standalone_nav/src/bt/bt_navigator.cpp:[m[K In function ‘[01m[Kint tb3_standalone_nav::main(int, char**)[m[K’:
[2.239s] [01m[K/home/shcho/mydrivesim/src/tb3_standalone_nav/src/bt/bt_navigator.cpp:97:51:[m[K [01;31m[Kerror: [m[K‘[01m[KFollowPathAction[m[K’ is not a member of ‘[01m[Ktb3_standalone_nav::bt[m[K’; did you mean ‘[01m[KFollowPath[m[K’?
[2.239s]    97 |   factory.registerBuilder<tb3_standalone_nav::bt::[01;31m[KFollowPathAction[m[K>("FollowPath",
[2.239s]       |                                                   [01;31m[K^~~~~~~~~~~~~~~~[m[K
[2.239s]       |                                                   [32m[KFollowPath[m[K
[2.239s] [01m[K/home/shcho/mydrivesim/src/tb3_standalone_nav/src/bt/bt_navigator.cpp:[m[K In lambda function:
[2.239s] [01m[K/home/shcho/mydrivesim/src/tb3_standalone_nav/src/bt/bt_navigator.cpp:99:67:[m[K [01;31m[Kerror: [m[K‘[01m[KFollowPathAction[m[K’ is not a member of ‘[01m[Ktb3_standalone_nav::bt[m[K’; did you mean ‘[01m[KFollowPath[m[K’?
[2.239s]    99 | auto action_node = std::make_unique<tb3_standalone_nav::bt::[01;31m[KFollowPathAction[m[K>(name, config);
[2.239s]       |                                                             [01;31m[K^~~~~~~~~~~~~~~~[m[K
[2.239s]       |                                                             [32m[KFollowPath[m[K
[2.239s] [01m[K/home/shcho/mydrivesim/src/tb3_standalone_nav/src/bt/bt_navigator.cpp:99:84:[m[K [01;31m[Kerror: [m[Kno matching function for call to ‘[01m[Kmake_unique<<expression error> >(const string&, const BT::NodeConfig&)[m[K’
[2.239s]    99 | = [01;31m[Kstd::make_unique<tb3_standalone_nav::bt::FollowPathAction>(name, config)[m[K;
[2.239s]       |   [01;31m[K~~~~~~~~~~~~~~~~~~~~~~~~~~~~~~~~~~~~~~~~~~~~~~~~~~~~~~~~~~^~~~~~~~~~~~~~[m[K
[2.239s] 
[2.239s] In file included from [01m[K/usr/include/c++/11/memory:76[m[K,
[2.239s]                  from [01m[K/home/shcho/mydrivesim/src/tb3_standalone_nav/src/bt/bt_navigator.cpp:1[m[K:
[2.239s] [01m[K/usr/include/c++/11/bits/unique_ptr.h:961:5:[m[K [01;36m[Knote: [m[Kcandidate: ‘[01m[Ktemplate<class _Tp, class ... _Args> typename std::_MakeUniq<_Tp>::__single_object std::make_unique(_Args&& ...)[m[K’
[2.239s]   961 |     [01;36m[Kmake_unique[m[K(_Args&&... __args)
[2.240s]       |     [01;36m[K^~~~~~~~~~~[m[K
[2.240s] [01m[K/usr/include/c++/11/bits/unique_ptr.h:961:5:[m[K [01;36m[Knote: [m[K  template argument deduction/substitution failed:
[2.240s] [01m[K/home/shcho/mydrivesim/src/tb3_standalone_nav/src/bt/bt_navigator.cpp:99:84:[m[K [01;31m[Kerror: [m[Ktemplate argument 1 is invalid
[2.240s]    99 | = [01;31m[Kstd::make_unique<tb3_standalone_nav::bt::FollowPathAction>(name, config)[m[K;
[2.240s]       |   [01;31m[K~~~~~~~~~~~~~~~~~~~~~~~~~~~~~~~~~~~~~~~~~~~~~~~~~~~~~~~~~~^~~~~~~~~~~~~~[m[K
[2.240s] 
[2.240s] In file included from [01m[K/usr/include/c++/11/memory:76[m[K,
[2.240s]                  from [01m[K/home/shcho/mydrivesim/src/tb3_standalone_nav/src/bt/bt_navigator.cpp:1[m[K:
[2.240s] [01m[K/usr/include/c++/11/bits/unique_ptr.h:967:5:[m[K [01;36m[Knote: [m[Kcandidate: ‘[01m[Ktemplate<class _Tp> typename std::_MakeUniq<_Tp>::__array std::make_unique(std::size_t)[m[K’
[2.240s]   967 |     [01;36m[Kmake_unique[m[K(size_t __num)
[2.240s]       |     [01;36m[K^~~~~~~~~~~[m[K
[2.240s] [01m[K/usr/include/c++/11/bits/unique_ptr.h:967:5:[m[K [01;36m[Knote: [m[K  template argument deduction/substitution failed:
[2.240s] [01m[K/home/shcho/mydrivesim/src/tb3_standalone_nav/src/bt/bt_navigator.cpp:99:84:[m[K [01;31m[Kerror: [m[Ktemplate argument 1 is invalid
[2.240s]    99 | = [01;31m[Kstd::make_unique<tb3_standalone_nav::bt::FollowPathAction>(name, config)[m[K;
[2.240s]       |   [01;31m[K~~~~~~~~~~~~~~~~~~~~~~~~~~~~~~~~~~~~~~~~~~~~~~~~~~~~~~~~~~^~~~~~~~~~~~~~[m[K
[2.240s] 
[2.240s] In file included from [01m[K/usr/include/c++/11/memory:76[m[K,
[2.240s]                  from [01m[K/home/shcho/mydrivesim/src/tb3_standalone_nav/src/bt/bt_navigator.cpp:1[m[K:
[2.240s] [01m[K/usr/include/c++/11/bits/unique_ptr.h:973:5:[m[K [01;36m[Knote: [m[Kcandidate: ‘[01m[Ktemplate<class _Tp, class ... _Args> typename std::_MakeUniq<_Tp>::__invalid_type std::make_unique(_Args&& ...)[m[K’ (deleted)
[2.240s]   973 |     [01;36m[Kmake_unique[m[K(_Args&&...) = delete;
[2.240s]       |     [01;36m[K^~~~~~~~~~~[m[K
[2.240s] [01m[K/usr/include/c++/11/bits/unique_ptr.h:973:5:[m[K [01;36m[Knote: [m[K  template argument deduction/substitution failed:
[2.240s] [01m[K/home/shcho/mydrivesim/src/tb3_standalone_nav/src/bt/bt_navigator.cpp:99:84:[m[K [01;31m[Kerror: [m[Ktemplate argument 1 is invalid
[2.240s]    99 | = [01;31m[Kstd::make_unique<tb3_standalone_nav::bt::FollowPathAction>(name, config)[m[K;
[2.240s]       |   [01;31m[K~~~~~~~~~~~~~~~~~~~~~~~~~~~~~~~~~~~~~~~~~~~~~~~~~~~~~~~~~~^~~~~~~~~~~~~~[m[K
[2.240s] 
[2.240s] [01m[K/home/shcho/mydrivesim/src/tb3_standalone_nav/src/bt/bt_navigator.cpp:[m[K In function ‘[01m[Kint tb3_standalone_nav::main(int, char**)[m[K’:
[2.240s] [01m[K/home/shcho/mydrivesim/src/tb3_standalone_nav/src/bt/bt_navigator.cpp:97:68:[m[K [01;31m[Kerror: [m[Kno matching function for call to ‘[01m[KBT::BehaviorTreeFactory::registerBuilder<<expression error> >(const char [11], tb3_standalone_nav::main(int, char**)::<lambda(const string&, const BT::NodeConfig&)>)[m[K’
[2.240s]    97 | [01;31m[Kry.registerBuilder<tb3_standalone_nav::bt::FollowPathAction>("FollowPath",[m[K
[2.240s]       | [01;31m[K~~~~~~~~~~~~~~~~~~~~~~~~~~~~~~~~~~~~~~~~~~~~~~~~~~~~~~~~~~~~^~~~~~~~~~~~~~[m[K
[2.240s] 
[2.240s]    98 | [01;31m[Kde](const std::string& name, const BT::NodeConfig& config) {[m[K
[2.240s]       | [01;31m[K~~~~~~~~~~~~~~~~~~~~~~~~~~~~~~~~~~~~~~~~~~~~~~~~~~~~~~~~~~~~[m[K 
[2.240s] 
[2.240s]    99 | [01;31m[Kuto action_node = std::make_unique<tb3_standalone_nav::bt::FollowPathAction>(name, config);[m[K
[2.240s]       | [01;31m[K~~~~~~~~~~~~~~~~~~~~~~~~~~~~~~~~~~~~~~~~~~~~~~~~~~~~~~~~~~~~~~~~~~~~~~~~~~~~~~~~~~~~~~~~~~~[m[K
[2.240s] 
[2.240s]   100 | [01;31m[Kction_node->initialize(node);[m[K
[2.240s]       | [01;31m[K~~~~~~~~~~~~~~~~~~~~~~~~~~~~~[m[K                                
[2.240s] 
[2.241s]   101 | [01;31m[Keturn action_node;[m[K
[2.241s]       | [01;31m[K~~~~~~~~~~~~~~~~~~[m[K                                           
[2.241s] 
[2.241s]   102 | 
[2.241s]       |                                                              
[2.241s] 
[2.241s] In file included from [01m[K/home/shcho/mydrivesim/src/tb3_standalone_nav/src/bt/bt_navigator.cpp:4[m[K:
[2.241s] [01m[K/opt/ros/humble/include/behaviortree_cpp/bt_factory.h:249:8:[m[K [01;36m[Knote: [m[Kcandidate: ‘[01m[Ktemplate<class T> void BT::BehaviorTreeFactory::registerBuilder(const string&, const NodeBuilder&)[m[K’
[2.241s]   249 |   void [01;36m[KregisterBuilder[m[K(const std::string& ID, const NodeBuilder& builder)
[2.241s]       |        [01;36m[K^~~~~~~~~~~~~~~[m[K
[2.241s] [01m[K/opt/ros/humble/include/behaviortree_cpp/bt_factory.h:249:8:[m[K [01;36m[Knote: [m[K  template argument deduction/substitution failed:
[2.241s] [01m[K/home/shcho/mydrivesim/src/tb3_standalone_nav/src/bt/bt_navigator.cpp:97:68:[m[K [01;31m[Kerror: [m[Ktemplate argument 1 is invalid
[2.241s]    97 | [01;31m[Kry.registerBuilder<tb3_standalone_nav::bt::FollowPathAction>("FollowPath",[m[K
[2.241s]       | [01;31m[K~~~~~~~~~~~~~~~~~~~~~~~~~~~~~~~~~~~~~~~~~~~~~~~~~~~~~~~~~~~~^~~~~~~~~~~~~~[m[K
[2.241s] 
[2.241s]    98 | [01;31m[Kde](const std::string& name, const BT::NodeConfig& config) {[m[K
[2.241s]       | [01;31m[K~~~~~~~~~~~~~~~~~~~~~~~~~~~~~~~~~~~~~~~~~~~~~~~~~~~~~~~~~~~~[m[K 
[2.241s] 
[2.241s]    99 | [01;31m[Kuto action_node = std::make_unique<tb3_standalone_nav::bt::FollowPathAction>(name, config);[m[K
[2.241s]       | [01;31m[K~~~~~~~~~~~~~~~~~~~~~~~~~~~~~~~~~~~~~~~~~~~~~~~~~~~~~~~~~~~~~~~~~~~~~~~~~~~~~~~~~~~~~~~~~~~[m[K
[2.241s] 
[2.241s]   100 | [01;31m[Kction_node->initialize(node);[m[K
[2.241s]       | [01;31m[K~~~~~~~~~~~~~~~~~~~~~~~~~~~~~[m[K                                
[2.241s] 
[2.241s]   101 | [01;31m[Keturn action_node;[m[K
[2.241s]       | [01;31m[K~~~~~~~~~~~~~~~~~~[m[K                                           
[2.241s] 
[2.241s]   102 | 
[2.241s]       |                                                              
[2.241s] 
[2.241s] [01m[K/home/shcho/mydrivesim/src/tb3_standalone_nav/src/bt/bt_navigator.cpp:[m[K At global scope:
[2.241s] [01m[K/home/shcho/mydrivesim/src/tb3_standalone_nav/src/bt/bt_navigator.cpp:161:2:[m[K [01;31m[Kerror: [m[Kexpected ‘[01m[K}[m[K’ at end of input
[2.241s]   161 | }
[2.241s]       |  [01;31m[K^[m[K
[2.241s] [01m[K/home/shcho/mydrivesim/src/tb3_standalone_nav/src/bt/bt_navigator.cpp:30:1:[m[K [01;36m[Knote: [m[Kto match this ‘[01m[K{[m[K’
[2.241s]    30 | [01;36m[K{[m[K
[2.241s]       | [01;36m[K^[m[K
[3.412s] gmake[2]: *** [CMakeFiles/bt_navigator.dir/build.make:76: CMakeFiles/bt_navigator.dir/src/bt/bt_navigator.cpp.o] Error 1
[3.413s] gmake[1]: *** [CMakeFiles/Makefile2:277: CMakeFiles/bt_navigator.dir/all] Error 2
[3.413s] gmake: *** [Makefile:146: all] Error 2
[3.419s] Invoked command in '/home/shcho/mydrivesim/build/tb3_standalone_nav' returned '2': CMAKE_PREFIX_PATH=/opt/ros/humble /usr/bin/cmake --build /home/shcho/mydrivesim/build/tb3_standalone_nav -- -j2 -l2
