[0.013s] Invoking command in '/home/shcho/mydrivesim/build/tb3_standalone_nav': CMAKE_PREFIX_PATH=/opt/ros/humble /usr/bin/cmake --build /home/shcho/mydrivesim/build/tb3_standalone_nav -- -j2 -l2
[0.077s] [ 29%] Built target tb3_standalone_core
[0.101s] [ 41%] Built target lifecycle_manager_node
[0.129s] [ 52%] Built target a_star_planner_server
[0.155s] [ 64%] Built target dwa_controller_server
[0.179s] [ 76%] Built target ekf_node
[0.208s] [ 88%] Built target amcl_node
[0.237s] [ 94%] [32mBuilding CXX object CMakeFiles/bt_navigator.dir/src/bt/bt_navigator.cpp.o[0m
[5.816s] [100%] [32m[1mLinking CXX executable bt_navigator[0m
[6.076s] [100%] Built target bt_navigator
[6.091s] Invoked command in '/home/shcho/mydrivesim/build/tb3_standalone_nav' returned '0': CMAKE_PREFIX_PATH=/opt/ros/humble /usr/bin/cmake --build /home/shcho/mydrivesim/build/tb3_standalone_nav -- -j2 -l2
[6.102s] Invoking command in '/home/shcho/mydrivesim/build/tb3_standalone_nav': CMAKE_PREFIX_PATH=/opt/ros/humble /usr/bin/cmake --install /home/shcho/mydrivesim/build/tb3_standalone_nav
[6.111s] -- Install configuration: ""
[6.111s] -- Up-to-date: /home/shcho/mydrivesim/install/tb3_standalone_nav/include
[6.111s] -- Up-to-date: /home/shcho/mydrivesim/install/tb3_standalone_nav/include/tb3_standalone_nav
[6.111s] -- Up-to-date: /home/shcho/mydrivesim/install/tb3_standalone_nav/include/tb3_standalone_nav/bt
[6.111s] -- Up-to-date: /home/shcho/mydrivesim/install/tb3_standalone_nav/include/tb3_standalone_nav/bt/bt_action_node.hpp
[6.111s] -- Up-to-date: /home/shcho/mydrivesim/install/tb3_standalone_nav/include/tb3_standalone_nav/planner
[6.111s] -- Up-to-date: /home/shcho/mydrivesim/install/tb3_standalone_nav/include/tb3_standalone_nav/planner/a_star_planner_server.hpp
[6.112s] -- Up-to-date: /home/shcho/mydrivesim/install/tb3_standalone_nav/include/tb3_standalone_nav/core
[6.112s] -- Up-to-date: /home/shcho/mydrivesim/install/tb3_standalone_nav/include/tb3_standalone_nav/core/lifecycle_node_base.hpp
[6.112s] -- Up-to-date: /home/shcho/mydrivesim/install/tb3_standalone_nav/include/tb3_standalone_nav/visibility_control.h
[6.112s] -- Up-to-date: /home/shcho/mydrivesim/install/tb3_standalone_nav/include/tb3_standalone_nav/estimation
[6.112s] -- Up-to-date: /home/shcho/mydrivesim/install/tb3_standalone_nav/include/tb3_standalone_nav/estimation/amcl_node.hpp
[6.112s] -- Up-to-date: /home/shcho/mydrivesim/install/tb3_standalone_nav/include/tb3_standalone_nav/estimation/ekf_node.hpp
[6.112s] -- Up-to-date: /home/shcho/mydrivesim/install/tb3_standalone_nav/include/tb3_standalone_nav/controller
[6.112s] -- Up-to-date: /home/shcho/mydrivesim/install/tb3_standalone_nav/include/tb3_standalone_nav/controller/dwa_controller_server.hpp
[6.112s] -- Up-to-date: /home/shcho/mydrivesim/install/tb3_standalone_nav/include/tb3_standalone_nav/costmap
[6.112s] -- Up-to-date: /home/shcho/mydrivesim/install/tb3_standalone_nav/include/tb3_standalone_nav/costmap/edt.hpp
[6.112s] -- Up-to-date: /home/shcho/mydrivesim/install/tb3_standalone_nav/include/tb3_standalone_nav/costmap/costmap_2d.hpp
[6.112s] -- Up-to-date: /home/shcho/mydrivesim/install/tb3_standalone_nav/include/tb3_standalone_nav/costmap/dynamic_obstacle_layer.hpp
[6.112s] -- Up-to-date: /home/shcho/mydrivesim/install/tb3_standalone_nav/share/tb3_standalone_nav/behavior_trees
[6.112s] -- Up-to-date: /home/shcho/mydrivesim/install/tb3_standalone_nav/share/tb3_standalone_nav/behavior_trees/navigate_to_pose.xml
[6.112s] -- Up-to-date: /home/shcho/mydrivesim/install/tb3_standalone_nav/share/tb3_standalone_nav/launch
[6.112s] -- Up-to-date: /home/shcho/mydrivesim/install/tb3_standalone_nav/share/tb3_standalone_nav/launch/tb3_nav_launch.py
[6.112s] -- Up-to-date: /home/shcho/mydrivesim/install/tb3_standalone_nav/lib/libtb3_standalone_core.so
[6.112s] -- Up-to-date: /home/shcho/mydrivesim/install/tb3_standalone_nav/lib/tb3_standalone_nav/a_star_planner_server
[6.112s] -- Up-to-date: /home/shcho/mydrivesim/install/tb3_standalone_nav/lib/tb3_standalone_nav/dwa_controller_server
[6.112s] -- Up-to-date: /home/shcho/mydrivesim/install/tb3_standalone_nav/lib/tb3_standalone_nav/ekf_node
[6.112s] -- Up-to-date: /home/shcho/mydrivesim/install/tb3_standalone_nav/lib/tb3_standalone_nav/amcl_node
[6.112s] -- Installing: /home/shcho/mydrivesim/install/tb3_standalone_nav/lib/tb3_standalone_nav/bt_navigator
[6.114s] -- Set runtime path of "/home/shcho/mydrivesim/install/tb3_standalone_nav/lib/tb3_standalone_nav/bt_navigator" to ""
[6.114s] -- Up-to-date: /home/shcho/mydrivesim/install/tb3_standalone_nav/lib/tb3_standalone_nav/lifecycle_manager_node
[6.114s] -- Up-to-date: /home/shcho/mydrivesim/install/tb3_standalone_nav/share/ament_index/resource_index/package_run_dependencies/tb3_standalone_nav
[6.114s] -- Up-to-date: /home/shcho/mydrivesim/install/tb3_standalone_nav/share/ament_index/resource_index/parent_prefix_path/tb3_standalone_nav
[6.114s] -- Up-to-date: /home/shcho/mydrivesim/install/tb3_standalone_nav/share/tb3_standalone_nav/environment/ament_prefix_path.sh
[6.114s] -- Up-to-date: /home/shcho/mydrivesim/install/tb3_standalone_nav/share/tb3_standalone_nav/environment/ament_prefix_path.dsv
[6.114s] -- Up-to-date: /home/shcho/mydrivesim/install/tb3_standalone_nav/share/tb3_standalone_nav/environment/path.sh
[6.114s] -- Up-to-date: /home/shcho/mydrivesim/install/tb3_standalone_nav/share/tb3_standalone_nav/environment/path.dsv
[6.114s] -- Up-to-date: /home/shcho/mydrivesim/install/tb3_standalone_nav/share/tb3_standalone_nav/local_setup.bash
[6.114s] -- Up-to-date: /home/shcho/mydrivesim/install/tb3_standalone_nav/share/tb3_standalone_nav/local_setup.sh
[6.114s] -- Up-to-date: /home/shcho/mydrivesim/install/tb3_standalone_nav/share/tb3_standalone_nav/local_setup.zsh
[6.115s] -- Up-to-date: /home/shcho/mydrivesim/install/tb3_standalone_nav/share/tb3_standalone_nav/local_setup.dsv
[6.115s] -- Installing: /home/shcho/mydrivesim/install/tb3_standalone_nav/share/tb3_standalone_nav/package.dsv
[6.116s] -- Up-to-date: /home/shcho/mydrivesim/install/tb3_standalone_nav/share/ament_index/resource_index/packages/tb3_standalone_nav
[6.116s] -- Up-to-date: /home/shcho/mydrivesim/install/tb3_standalone_nav/share/tb3_standalone_nav/cmake/tb3_standalone_navConfig.cmake
[6.116s] -- Up-to-date: /home/shcho/mydrivesim/install/tb3_standalone_nav/share/tb3_standalone_nav/cmake/tb3_standalone_navConfig-version.cmake
[6.116s] -- Up-to-date: /home/shcho/mydrivesim/install/tb3_standalone_nav/share/tb3_standalone_nav/package.xml
[6.120s] Invoked command in '/home/shcho/mydrivesim/build/tb3_standalone_nav' returned '0': CMAKE_PREFIX_PATH=/opt/ros/humble /usr/bin/cmake --install /home/shcho/mydrivesim/build/tb3_standalone_nav
