[0.223s] DEBUG:colcon:Command line arguments: ['/usr/bin/colcon', 'build']
[0.223s] DEBUG:colcon:Parsed command line arguments: Namespace(log_base=None, log_level=None, verb_name='build', build_base='build', install_base='install', merge_install=False, symlink_install=False, test_result_base=None, continue_on_error=False, executor='parallel', parallel_workers=2, event_handlers=None, ignore_user_meta=False, metas=['./colcon.meta'], base_paths=['.'], packages_ignore=None, packages_ignore_regex=None, paths=None, packages_up_to=None, packages_up_to_regex=None, packages_above=None, packages_above_and_dependencies=None, packages_above_depth=None, packages_select_by_dep=None, packages_skip_by_dep=None, packages_skip_up_to=None, packages_select_build_failed=False, packages_skip_build_finished=False, packages_select_test_failures=False, packages_skip_test_passed=False, packages_select=None, packages_skip=None, packages_select_regex=None, packages_skip_regex=None, packages_start=None, packages_end=None, allow_overriding=[], cmake_args=None, cmake_target=None, cmake_target_skip_unavailable=False, cmake_clean_cache=False, cmake_clean_first=False, cmake_force_configure=False, ament_cmake_args=None, catkin_cmake_args=None, catkin_skip_building_tests=False, mixin_files=None, mixin=None, verb_parser=<colcon_mixin.mixin.mixin_argument.MixinArgumentDecorator object at 0x724f8c99e470>, verb_extension=<colcon_core.verb.build.BuildVerb object at 0x724f8c99ddb0>, main=<bound method BuildVerb.main of <colcon_core.verb.build.BuildVerb object at 0x724f8c99ddb0>>, mixin_verb=('build',))
[0.742s] Level 1:colcon.colcon_core.package_discovery:discover_packages(colcon_meta) check parameters
[0.742s] Level 1:colcon.colcon_core.package_discovery:discover_packages(recursive) check parameters
[0.742s] Level 1:colcon.colcon_core.package_discovery:discover_packages(ignore) check parameters
[0.742s] Level 1:colcon.colcon_core.package_discovery:discover_packages(path) check parameters
[0.742s] Level 1:colcon.colcon_core.package_discovery:discover_packages(colcon_meta) discover
[0.742s] Level 1:colcon.colcon_core.package_discovery:discover_packages(recursive) discover
[0.742s] INFO:colcon.colcon_core.package_discovery:Crawling recursively for packages in '/home/shcho/mydrivesim'
[0.742s] Level 1:colcon.colcon_core.package_identification:_identify(.) by extensions ['ignore', 'ignore_ament_install']
[0.742s] Level 1:colcon.colcon_core.package_identification:_identify(.) by extension 'ignore'
[0.742s] Level 1:colcon.colcon_core.package_identification:_identify(.) by extension 'ignore_ament_install'
[0.742s] Level 1:colcon.colcon_core.package_identification:_identify(.) by extensions ['colcon_pkg']
[0.742s] Level 1:colcon.colcon_core.package_identification:_identify(.) by extension 'colcon_pkg'
[0.742s] Level 1:colcon.colcon_core.package_identification:_identify(.) by extensions ['colcon_meta']
[0.742s] Level 1:colcon.colcon_core.package_identification:_identify(.) by extension 'colcon_meta'
[0.742s] Level 1:colcon.colcon_core.package_identification:_identify(.) by extensions ['ros']
[0.743s] Level 1:colcon.colcon_core.package_identification:_identify(.) by extension 'ros'
[0.776s] Level 1:colcon.colcon_core.package_identification:_identify(.) by extensions ['cmake', 'python']
[0.776s] Level 1:colcon.colcon_core.package_identification:_identify(.) by extension 'cmake'
[0.776s] Level 1:colcon.colcon_core.package_identification:_identify(.) by extension 'python'
[0.776s] Level 1:colcon.colcon_core.package_identification:_identify(.) by extensions ['python_setup_py']
[0.776s] Level 1:colcon.colcon_core.package_identification:_identify(.) by extension 'python_setup_py'
[0.777s] Level 1:colcon.colcon_core.package_identification:_identify(build) by extensions ['ignore', 'ignore_ament_install']
[0.777s] Level 1:colcon.colcon_core.package_identification:_identify(build) by extension 'ignore'
[0.777s] Level 1:colcon.colcon_core.package_identification:_identify(build) ignored
[0.777s] Level 1:colcon.colcon_core.package_identification:_identify(install) by extensions ['ignore', 'ignore_ament_install']
[0.777s] Level 1:colcon.colcon_core.package_identification:_identify(install) by extension 'ignore'
[0.777s] Level 1:colcon.colcon_core.package_identification:_identify(install) ignored
[0.777s] Level 1:colcon.colcon_core.package_identification:_identify(log) by extensions ['ignore', 'ignore_ament_install']
[0.777s] Level 1:colcon.colcon_core.package_identification:_identify(log) by extension 'ignore'
[0.777s] Level 1:colcon.colcon_core.package_identification:_identify(log) ignored
[0.777s] Level 1:colcon.colcon_core.package_identification:_identify(src) by extensions ['ignore', 'ignore_ament_install']
[0.777s] Level 1:colcon.colcon_core.package_identification:_identify(src) by extension 'ignore'
[0.777s] Level 1:colcon.colcon_core.package_identification:_identify(src) by extension 'ignore_ament_install'
[0.777s] Level 1:colcon.colcon_core.package_identification:_identify(src) by extensions ['colcon_pkg']
[0.777s] Level 1:colcon.colcon_core.package_identification:_identify(src) by extension 'colcon_pkg'
[0.777s] Level 1:colcon.colcon_core.package_identification:_identify(src) by extensions ['colcon_meta']
[0.777s] Level 1:colcon.colcon_core.package_identification:_identify(src) by extension 'colcon_meta'
[0.777s] Level 1:colcon.colcon_core.package_identification:_identify(src) by extensions ['ros']
[0.777s] Level 1:colcon.colcon_core.package_identification:_identify(src) by extension 'ros'
[0.777s] Level 1:colcon.colcon_core.package_identification:_identify(src) by extensions ['cmake', 'python']
[0.777s] Level 1:colcon.colcon_core.package_identification:_identify(src) by extension 'cmake'
[0.777s] Level 1:colcon.colcon_core.package_identification:_identify(src) by extension 'python'
[0.777s] Level 1:colcon.colcon_core.package_identification:_identify(src) by extensions ['python_setup_py']
[0.777s] Level 1:colcon.colcon_core.package_identification:_identify(src) by extension 'python_setup_py'
[0.778s] Level 1:colcon.colcon_core.package_identification:_identify(src/tb3_standalone_nav) by extensions ['ignore', 'ignore_ament_install']
[0.778s] Level 1:colcon.colcon_core.package_identification:_identify(src/tb3_standalone_nav) by extension 'ignore'
[0.778s] Level 1:colcon.colcon_core.package_identification:_identify(src/tb3_standalone_nav) by extension 'ignore_ament_install'
[0.778s] Level 1:colcon.colcon_core.package_identification:_identify(src/tb3_standalone_nav) by extensions ['colcon_pkg']
[0.778s] Level 1:colcon.colcon_core.package_identification:_identify(src/tb3_standalone_nav) by extension 'colcon_pkg'
[0.778s] Level 1:colcon.colcon_core.package_identification:_identify(src/tb3_standalone_nav) by extensions ['colcon_meta']
[0.778s] Level 1:colcon.colcon_core.package_identification:_identify(src/tb3_standalone_nav) by extension 'colcon_meta'
[0.778s] Level 1:colcon.colcon_core.package_identification:_identify(src/tb3_standalone_nav) by extensions ['ros']
[0.778s] Level 1:colcon.colcon_core.package_identification:_identify(src/tb3_standalone_nav) by extension 'ros'
[0.780s] DEBUG:colcon.colcon_core.package_identification:Package 'src/tb3_standalone_nav' with type 'ros.ament_cmake' and name 'tb3_standalone_nav'
[0.781s] Level 1:colcon.colcon_core.package_discovery:discover_packages(recursive) using defaults
[0.781s] Level 1:colcon.colcon_core.package_discovery:discover_packages(ignore) discover
[0.781s] Level 1:colcon.colcon_core.package_discovery:discover_packages(ignore) using defaults
[0.781s] Level 1:colcon.colcon_core.package_discovery:discover_packages(path) discover
[0.781s] Level 1:colcon.colcon_core.package_discovery:discover_packages(path) using defaults
[0.819s] Level 1:colcon.colcon_core.package_discovery:discover_packages(prefix_path) check parameters
[0.819s] Level 1:colcon.colcon_core.package_discovery:discover_packages(prefix_path) discover
[0.823s] DEBUG:colcon.colcon_installed_package_information.package_discovery:Found 1 installed packages in /home/shcho/mydrivesim/install
[0.824s] DEBUG:colcon.colcon_installed_package_information.package_discovery:Found 471 installed packages in /opt/ros/humble
[0.826s] Level 1:colcon.colcon_core.package_discovery:discover_packages(prefix_path) using defaults
[0.862s] Level 5:colcon.colcon_core.verb:set package 'tb3_standalone_nav' build argument 'cmake_args' from command line to 'None'
[0.862s] Level 5:colcon.colcon_core.verb:set package 'tb3_standalone_nav' build argument 'cmake_target' from command line to 'None'
[0.862s] Level 5:colcon.colcon_core.verb:set package 'tb3_standalone_nav' build argument 'cmake_target_skip_unavailable' from command line to 'False'
[0.862s] Level 5:colcon.colcon_core.verb:set package 'tb3_standalone_nav' build argument 'cmake_clean_cache' from command line to 'False'
[0.862s] Level 5:colcon.colcon_core.verb:set package 'tb3_standalone_nav' build argument 'cmake_clean_first' from command line to 'False'
[0.862s] Level 5:colcon.colcon_core.verb:set package 'tb3_standalone_nav' build argument 'cmake_force_configure' from command line to 'False'
[0.862s] Level 5:colcon.colcon_core.verb:set package 'tb3_standalone_nav' build argument 'ament_cmake_args' from command line to 'None'
[0.862s] Level 5:colcon.colcon_core.verb:set package 'tb3_standalone_nav' build argument 'catkin_cmake_args' from command line to 'None'
[0.862s] Level 5:colcon.colcon_core.verb:set package 'tb3_standalone_nav' build argument 'catkin_skip_building_tests' from command line to 'False'
[0.862s] DEBUG:colcon.colcon_core.verb:Building package 'tb3_standalone_nav' with the following arguments: {'ament_cmake_args': None, 'build_base': '/home/shcho/mydrivesim/build/tb3_standalone_nav', 'catkin_cmake_args': None, 'catkin_skip_building_tests': False, 'cmake_args': None, 'cmake_clean_cache': False, 'cmake_clean_first': False, 'cmake_force_configure': False, 'cmake_target': None, 'cmake_target_skip_unavailable': False, 'install_base': '/home/shcho/mydrivesim/install/tb3_standalone_nav', 'merge_install': False, 'path': '/home/shcho/mydrivesim/src/tb3_standalone_nav', 'symlink_install': False, 'test_result_base': None}
[0.862s] INFO:colcon.colcon_core.executor:Executing jobs using 'parallel' executor
[0.863s] DEBUG:colcon.colcon_parallel_executor.executor.parallel:run_until_complete
[0.863s] INFO:colcon.colcon_ros.task.ament_cmake.build:Building ROS package in '/home/shcho/mydrivesim/src/tb3_standalone_nav' with build type 'ament_cmake'
[0.863s] INFO:colcon.colcon_cmake.task.cmake.build:Building CMake package in '/home/shcho/mydrivesim/src/tb3_standalone_nav'
[0.887s] INFO:colcon.colcon_core.plugin_system:Skipping extension 'colcon_core.shell.bat': Not used on non-Windows systems
[0.887s] INFO:colcon.colcon_core.shell:Skip shell extension 'powershell' for command environment: Not usable outside of PowerShell
[0.887s] DEBUG:colcon.colcon_core.shell:Skip shell extension 'dsv' for command environment
[0.899s] DEBUG:colcon.colcon_core.event_handler.log_command:Invoking command in '/home/shcho/mydrivesim/build/tb3_standalone_nav': CMAKE_PREFIX_PATH=${CMAKE_PREFIX_PATH}:/opt/ros/humble /usr/bin/cmake --build /home/shcho/mydrivesim/build/tb3_standalone_nav -- -j2 -l2
[12.088s] DEBUG:colcon.colcon_core.event_handler.log_command:Invoked command in '/home/shcho/mydrivesim/build/tb3_standalone_nav' returned '0': CMAKE_PREFIX_PATH=${CMAKE_PREFIX_PATH}:/opt/ros/humble /usr/bin/cmake --build /home/shcho/mydrivesim/build/tb3_standalone_nav -- -j2 -l2
[12.103s] DEBUG:colcon.colcon_core.event_handler.log_command:Invoking command in '/home/shcho/mydrivesim/build/tb3_standalone_nav': CMAKE_PREFIX_PATH=${CMAKE_PREFIX_PATH}:/opt/ros/humble /usr/bin/cmake --install /home/shcho/mydrivesim/build/tb3_standalone_nav
[12.129s] Level 1:colcon.colcon_core.environment:create_environment_scripts_only(tb3_standalone_nav)
[12.130s] DEBUG:colcon.colcon_core.event_handler.log_command:Invoked command in '/home/shcho/mydrivesim/build/tb3_standalone_nav' returned '0': CMAKE_PREFIX_PATH=${CMAKE_PREFIX_PATH}:/opt/ros/humble /usr/bin/cmake --install /home/shcho/mydrivesim/build/tb3_standalone_nav
[12.139s] Level 1:colcon.colcon_core.environment:checking '/home/shcho/mydrivesim/install/tb3_standalone_nav' for CMake module files
[12.140s] Level 1:colcon.colcon_core.environment:checking '/home/shcho/mydrivesim/install/tb3_standalone_nav' for CMake config files
[12.140s] Level 1:colcon.colcon_core.shell:create_environment_hook('tb3_standalone_nav', 'cmake_prefix_path')
[12.140s] INFO:colcon.colcon_core.shell:Creating environment hook '/home/shcho/mydrivesim/install/tb3_standalone_nav/share/tb3_standalone_nav/hook/cmake_prefix_path.ps1'
[12.142s] INFO:colcon.colcon_core.shell:Creating environment descriptor '/home/shcho/mydrivesim/install/tb3_standalone_nav/share/tb3_standalone_nav/hook/cmake_prefix_path.dsv'
[12.144s] INFO:colcon.colcon_core.shell:Creating environment hook '/home/shcho/mydrivesim/install/tb3_standalone_nav/share/tb3_standalone_nav/hook/cmake_prefix_path.sh'
[12.145s] Level 1:colcon.colcon_core.environment:checking '/home/shcho/mydrivesim/install/tb3_standalone_nav/lib'
[12.145s] Level 1:colcon.colcon_core.shell:create_environment_hook('tb3_standalone_nav', 'ld_library_path_lib')
[12.145s] INFO:colcon.colcon_core.shell:Creating environment hook '/home/shcho/mydrivesim/install/tb3_standalone_nav/share/tb3_standalone_nav/hook/ld_library_path_lib.ps1'
[12.146s] INFO:colcon.colcon_core.shell:Creating environment descriptor '/home/shcho/mydrivesim/install/tb3_standalone_nav/share/tb3_standalone_nav/hook/ld_library_path_lib.dsv'
[12.146s] INFO:colcon.colcon_core.shell:Creating environment hook '/home/shcho/mydrivesim/install/tb3_standalone_nav/share/tb3_standalone_nav/hook/ld_library_path_lib.sh'
[12.147s] Level 1:colcon.colcon_core.environment:checking '/home/shcho/mydrivesim/install/tb3_standalone_nav/bin'
[12.147s] Level 1:colcon.colcon_core.environment:checking '/home/shcho/mydrivesim/install/tb3_standalone_nav/lib/pkgconfig/tb3_standalone_nav.pc'
[12.147s] Level 1:colcon.colcon_core.environment:checking '/home/shcho/mydrivesim/install/tb3_standalone_nav/lib/python3.10/site-packages'
[12.148s] Level 1:colcon.colcon_core.environment:checking '/home/shcho/mydrivesim/install/tb3_standalone_nav/bin'
[12.148s] INFO:colcon.colcon_core.shell:Creating package script '/home/shcho/mydrivesim/install/tb3_standalone_nav/share/tb3_standalone_nav/package.ps1'
[12.150s] INFO:colcon.colcon_core.shell:Creating package descriptor '/home/shcho/mydrivesim/install/tb3_standalone_nav/share/tb3_standalone_nav/package.dsv'
[12.151s] INFO:colcon.colcon_core.shell:Creating package script '/home/shcho/mydrivesim/install/tb3_standalone_nav/share/tb3_standalone_nav/package.sh'
[12.153s] INFO:colcon.colcon_core.shell:Creating package script '/home/shcho/mydrivesim/install/tb3_standalone_nav/share/tb3_standalone_nav/package.bash'
[12.155s] INFO:colcon.colcon_core.shell:Creating package script '/home/shcho/mydrivesim/install/tb3_standalone_nav/share/tb3_standalone_nav/package.zsh'
[12.156s] Level 1:colcon.colcon_core.environment:create_file_with_runtime_dependencies(/home/shcho/mydrivesim/install/tb3_standalone_nav/share/colcon-core/packages/tb3_standalone_nav)
[12.157s] Level 1:colcon.colcon_core.environment:create_environment_scripts_only(tb3_standalone_nav)
[12.157s] Level 1:colcon.colcon_core.environment:checking '/home/shcho/mydrivesim/install/tb3_standalone_nav' for CMake module files
[12.158s] Level 1:colcon.colcon_core.environment:checking '/home/shcho/mydrivesim/install/tb3_standalone_nav' for CMake config files
[12.158s] Level 1:colcon.colcon_core.shell:create_environment_hook('tb3_standalone_nav', 'cmake_prefix_path')
[12.158s] INFO:colcon.colcon_core.shell:Creating environment hook '/home/shcho/mydrivesim/install/tb3_standalone_nav/share/tb3_standalone_nav/hook/cmake_prefix_path.ps1'
[12.159s] INFO:colcon.colcon_core.shell:Creating environment descriptor '/home/shcho/mydrivesim/install/tb3_standalone_nav/share/tb3_standalone_nav/hook/cmake_prefix_path.dsv'
[12.159s] INFO:colcon.colcon_core.shell:Creating environment hook '/home/shcho/mydrivesim/install/tb3_standalone_nav/share/tb3_standalone_nav/hook/cmake_prefix_path.sh'
[12.160s] Level 1:colcon.colcon_core.environment:checking '/home/shcho/mydrivesim/install/tb3_standalone_nav/lib'
[12.160s] Level 1:colcon.colcon_core.shell:create_environment_hook('tb3_standalone_nav', 'ld_library_path_lib')
[12.160s] INFO:colcon.colcon_core.shell:Creating environment hook '/home/shcho/mydrivesim/install/tb3_standalone_nav/share/tb3_standalone_nav/hook/ld_library_path_lib.ps1'
[12.161s] INFO:colcon.colcon_core.shell:Creating environment descriptor '/home/shcho/mydrivesim/install/tb3_standalone_nav/share/tb3_standalone_nav/hook/ld_library_path_lib.dsv'
[12.162s] INFO:colcon.colcon_core.shell:Creating environment hook '/home/shcho/mydrivesim/install/tb3_standalone_nav/share/tb3_standalone_nav/hook/ld_library_path_lib.sh'
[12.164s] Level 1:colcon.colcon_core.environment:checking '/home/shcho/mydrivesim/install/tb3_standalone_nav/bin'
[12.164s] Level 1:colcon.colcon_core.environment:checking '/home/shcho/mydrivesim/install/tb3_standalone_nav/lib/pkgconfig/tb3_standalone_nav.pc'
[12.164s] Level 1:colcon.colcon_core.environment:checking '/home/shcho/mydrivesim/install/tb3_standalone_nav/lib/python3.10/site-packages'
[12.164s] Level 1:colcon.colcon_core.environment:checking '/home/shcho/mydrivesim/install/tb3_standalone_nav/bin'
[12.164s] INFO:colcon.colcon_core.shell:Creating package script '/home/shcho/mydrivesim/install/tb3_standalone_nav/share/tb3_standalone_nav/package.ps1'
[12.165s] INFO:colcon.colcon_core.shell:Creating package descriptor '/home/shcho/mydrivesim/install/tb3_standalone_nav/share/tb3_standalone_nav/package.dsv'
[12.166s] INFO:colcon.colcon_core.shell:Creating package script '/home/shcho/mydrivesim/install/tb3_standalone_nav/share/tb3_standalone_nav/package.sh'
[12.166s] INFO:colcon.colcon_core.shell:Creating package script '/home/shcho/mydrivesim/install/tb3_standalone_nav/share/tb3_standalone_nav/package.bash'
[12.167s] INFO:colcon.colcon_core.shell:Creating package script '/home/shcho/mydrivesim/install/tb3_standalone_nav/share/tb3_standalone_nav/package.zsh'
[12.168s] Level 1:colcon.colcon_core.environment:create_file_with_runtime_dependencies(/home/shcho/mydrivesim/install/tb3_standalone_nav/share/colcon-core/packages/tb3_standalone_nav)
[12.169s] DEBUG:colcon.colcon_parallel_executor.executor.parallel:closing loop
[12.169s] DEBUG:colcon.colcon_parallel_executor.executor.parallel:loop closed
[12.169s] DEBUG:colcon.colcon_parallel_executor.executor.parallel:run_until_complete finished with '0'
[12.169s] DEBUG:colcon.colcon_core.event_reactor:joining thread
[12.174s] INFO:colcon.colcon_core.plugin_system:Skipping extension 'colcon_notification.desktop_notification.terminal_notifier': Not used on non-Darwin systems
[12.174s] INFO:colcon.colcon_core.plugin_system:Skipping extension 'colcon_notification.desktop_notification.win32': Not used on non-Windows systems
[12.174s] INFO:colcon.colcon_notification.desktop_notification:Sending desktop notification using 'notify2'
[12.194s] DEBUG:colcon.colcon_core.event_reactor:joined thread
[12.194s] INFO:colcon.colcon_core.shell:Creating prefix script '/home/shcho/mydrivesim/install/local_setup.ps1'
[12.196s] INFO:colcon.colcon_core.shell:Creating prefix util module '/home/shcho/mydrivesim/install/_local_setup_util_ps1.py'
[12.198s] INFO:colcon.colcon_core.shell:Creating prefix chain script '/home/shcho/mydrivesim/install/setup.ps1'
[12.204s] INFO:colcon.colcon_core.shell:Creating prefix script '/home/shcho/mydrivesim/install/local_setup.sh'
[12.205s] INFO:colcon.colcon_core.shell:Creating prefix util module '/home/shcho/mydrivesim/install/_local_setup_util_sh.py'
[12.206s] INFO:colcon.colcon_core.shell:Creating prefix chain script '/home/shcho/mydrivesim/install/setup.sh'
[12.208s] INFO:colcon.colcon_core.shell:Creating prefix script '/home/shcho/mydrivesim/install/local_setup.bash'
[12.209s] INFO:colcon.colcon_core.shell:Creating prefix chain script '/home/shcho/mydrivesim/install/setup.bash'
[12.211s] INFO:colcon.colcon_core.shell:Creating prefix script '/home/shcho/mydrivesim/install/local_setup.zsh'
[12.212s] INFO:colcon.colcon_core.shell:Creating prefix chain script '/home/shcho/mydrivesim/install/setup.zsh'
