-- The C compiler identification is GNU 11.4.0
-- The CXX compiler identification is GNU 11.4.0
-- Detecting C compiler ABI info
-- Detecting C compiler ABI info - done
-- Check for working C compiler: /usr/bin/cc - skipped
-- Detecting C compile features
-- Detecting C compile features - done
-- Detecting CXX compiler ABI info
-- Detecting CXX compiler ABI info - done
-- Check for working CXX compiler: /usr/bin/c++ - skipped
-- Detecting CXX compile features
-- Detecting CXX compile features - done
-- Found ament_cmake: 1.3.12 (/opt/ros/humble/share/ament_cmake/cmake)
-- Found Python3: /usr/bin/python3 (found version "3.10.12") found components: Interpreter 
-- Found rclcpp: 16.0.17 (/opt/ros/humble/share/rclcpp/cmake)
-- Found rosidl_generator_c: 3.1.8 (/opt/ros/humble/share/rosidl_generator_c/cmake)
-- Found rosidl_adapter: 3.1.8 (/opt/ros/humble/share/rosidl_adapter/cmake)
-- Found rosidl_generator_cpp: 3.1.8 (/opt/ros/humble/share/rosidl_generator_cpp/cmake)
-- Using all available rosidl_typesupport_c: rosidl_typesupport_fastrtps_c;rosidl_typesupport_introspection_c
-- Using all available rosidl_typesupport_cpp: rosidl_typesupport_fastrtps_cpp;rosidl_typesupport_introspection_cpp
-- Found rmw_implementation_cmake: 6.1.2 (/opt/ros/humble/share/rmw_implementation_cmake/cmake)
-- Found rmw_fastrtps_cpp: 6.2.9 (/opt/ros/humble/share/rmw_fastrtps_cpp/cmake)
-- Found OpenSSL: /usr/lib/x86_64-linux-gnu/libcrypto.so (found version "3.0.2")  
-- Found FastRTPS: /opt/ros/humble/include  
-- Using RMW implementation 'rmw_fastrtps_cpp' as default
-- Looking for pthread.h
-- Looking for pthread.h - found
-- Performing Test CMAKE_HAVE_LIBC_PTHREAD
-- Performing Test CMAKE_HAVE_LIBC_PTHREAD - Success
-- Found Threads: TRUE  
-- Found rclcpp_lifecycle: 16.0.17 (/opt/ros/humble/share/rclcpp_lifecycle/cmake)
-- Found rclcpp_action: 16.0.17 (/opt/ros/humble/share/rclcpp_action/cmake)
-- Found nav_msgs: 4.9.0 (/opt/ros/humble/share/nav_msgs/cmake)
-- Found sensor_msgs: 4.9.0 (/opt/ros/humble/share/sensor_msgs/cmake)
-- Found tf2: 0.25.18 (/opt/ros/humble/share/tf2/cmake)
-- Found tf2_ros: 0.25.18 (/opt/ros/humble/share/tf2_ros/cmake)
-- Found tf2_geometry_msgs: 0.25.18 (/opt/ros/humble/share/tf2_geometry_msgs/cmake)
-- Found eigen3_cmake_module: 0.1.1 (/opt/ros/humble/share/eigen3_cmake_module/cmake)
-- Found Eigen3: TRUE (found version "3.4.0") 
-- Ensuring Eigen3 include directory is part of orocos-kdl CMake target
-- Found behaviortree_cpp: 4.9.0 (/opt/ros/humble/share/behaviortree_cpp/cmake)
-- Found nav2_msgs: 1.1.20 (/opt/ros/humble/share/nav2_msgs/cmake)
-- Configuring done
-- Generating done
-- Build files have been written to: /home/shcho/mydrivesim/build/tb3_standalone_nav
[  6%] [32mBuilding CXX object CMakeFiles/tb3_standalone_core.dir/src/core/lifecycle_node_base.cpp.o[0m
[ 13%] [32mBuilding CXX object CMakeFiles/tb3_standalone_core.dir/src/costmap/costmap_2d.cpp.o[0m
[01m[K/home/shcho/mydrivesim/src/tb3_standalone_nav/src/costmap/costmap_2d.cpp:[m[K In member function ‘[01m[Kvoid tb3_standalone_nav::costmap::Costmap2D::updateInflation(double, double, double)[m[K’:
[01m[K/home/shcho/mydrivesim/src/tb3_standalone_nav/src/costmap/costmap_2d.cpp:77:10:[m[K [01;35m[Kwarning: [m[Kunused variable ‘[01m[Ksq_cell_inscribed[m[K’ [[01;35m[K]8;;https://gcc.gnu.org/onlinedocs/gcc/Warning-Options.html#index-Wunused-variable-Wunused-variable]8;;[m[K]
   77 |   double [01;35m[Ksq_cell_inscribed[m[K = cell_inscribed_radius * cell_inscribed_radius;
      |          [01;35m[K^~~~~~~~~~~~~~~~~[m[K
[ 20%] [32mBuilding CXX object CMakeFiles/tb3_standalone_core.dir/src/costmap/edt.cpp.o[0m
[ 26%] [32mBuilding CXX object CMakeFiles/tb3_standalone_core.dir/src/costmap/dynamic_obstacle_layer.cpp.o[0m
[ 33%] [32m[1mLinking CXX shared library libtb3_standalone_core.so[0m
[ 33%] Built target tb3_standalone_core
[ 40%] [32mBuilding CXX object CMakeFiles/a_star_planner_server.dir/src/planner/a_star_planner_server.cpp.o[0m
[ 46%] [32mBuilding CXX object CMakeFiles/dwa_controller_server.dir/src/controller/dwa_controller_server.cpp.o[0m
In file included from [01m[K/home/shcho/mydrivesim/src/tb3_standalone_nav/src/planner/a_star_planner_server.cpp:1[m[K:
[01m[K/home/shcho/mydrivesim/src/tb3_standalone_nav/include/tb3_standalone_nav/planner/a_star_planner_server.hpp:16:10:[m[K [01;31m[Kfatal error: [m[Ksensor_msgs/msg/laser_scan.hpp: No such file or directory
   16 | #include [01;31m[K"sensor_msgs/msg/laser_scan.hpp"[m[K
      |          [01;31m[K^~~~~~~~~~~~~~~~~~~~~~~~~~~~~~~~[m[K
compilation terminated.
gmake[2]: *** [CMakeFiles/a_star_planner_server.dir/build.make:76: CMakeFiles/a_star_planner_server.dir/src/planner/a_star_planner_server.cpp.o] Error 1
gmake[1]: *** [CMakeFiles/Makefile2:173: CMakeFiles/a_star_planner_server.dir/all] Error 2
gmake[1]: *** Waiting for unfinished jobs....
[01m[K/home/shcho/mydrivesim/src/tb3_standalone_nav/src/controller/dwa_controller_server.cpp:[m[K In member function ‘[01m[Kvoid tb3_standalone_nav::controller::DWAControllerServer::execute(std::shared_ptr<rclcpp_action::ServerGoalHandle<nav2_msgs::action::FollowPath> >)[m[K’:
[01m[K/home/shcho/mydrivesim/src/tb3_standalone_nav/src/controller/dwa_controller_server.cpp:102:15:[m[K [01;31m[Kerror: [m[K‘[01m[Kusing element_type = struct nav2_msgs::action::FollowPath_Result_<std::allocator<void> >[m[K’ {aka ‘[01m[Kstruct nav2_msgs::action::FollowPath_Result_<std::allocator<void> >[m[K’} has no member named ‘[01m[Kerror_code[m[K’
  102 |       result->[01;31m[Kerror_code[m[K = 0;
      |               [01;31m[K^~~~~~~~~~[m[K
[01m[K/home/shcho/mydrivesim/src/tb3_standalone_nav/src/controller/dwa_controller_server.cpp:137:11:[m[K [01;31m[Kerror: [m[K‘[01m[Kusing element_type = struct nav2_msgs::action::FollowPath_Result_<std::allocator<void> >[m[K’ {aka ‘[01m[Kstruct nav2_msgs::action::FollowPath_Result_<std::allocator<void> >[m[K’} has no member named ‘[01m[Kerror_code[m[K’
  137 |   result->[01;31m[Kerror_code[m[K = 0;
      |           [01;31m[K^~~~~~~~~~[m[K
gmake[2]: *** [CMakeFiles/dwa_controller_server.dir/build.make:76: CMakeFiles/dwa_controller_server.dir/src/controller/dwa_controller_server.cpp.o] Error 1
gmake[1]: *** [CMakeFiles/Makefile2:199: CMakeFiles/dwa_controller_server.dir/all] Error 2
gmake: *** [Makefile:146: all] Error 2
