[0.017s] Invoking command in '/home/shcho/mydrivesim/build/tb3_standalone_nav': CMAKE_PREFIX_PATH=/opt/ros/humble /usr/bin/cmake /home/shcho/mydrivesim/src/tb3_standalone_nav -DCMAKE_INSTALL_PREFIX=/home/shcho/mydrivesim/install/tb3_standalone_nav
[0.142s] -- The C compiler identification is GNU 11.4.0
[0.239s] -- The CXX compiler identification is GNU 11.4.0
[0.257s] -- Detecting C compiler ABI info
[0.323s] -- Detecting C compiler ABI info - done
[0.327s] -- Check for working C compiler: /usr/bin/cc - skipped
[0.329s] -- Detecting C compile features
[0.331s] -- Detecting C compile features - done
[0.337s] -- Detecting CXX compiler ABI info
[0.404s] -- Detecting CXX compiler ABI info - done
[0.409s] -- Check for working CXX compiler: /usr/bin/c++ - skipped
[0.409s] -- Detecting CXX compile features
[0.409s] -- Detecting CXX compile features - done
[0.420s] -- Found ament_cmake: 1.3.12 (/opt/ros/humble/share/ament_cmake/cmake)
[0.546s] -- Found Python3: /usr/bin/python3 (found version "3.10.12") found components: Interpreter 
[0.662s] -- Found rclcpp: 16.0.17 (/opt/ros/humble/share/rclcpp/cmake)
[0.728s] -- Found rosidl_generator_c: 3.1.8 (/opt/ros/humble/share/rosidl_generator_c/cmake)
[0.737s] -- Found rosidl_adapter: 3.1.8 (/opt/ros/humble/share/rosidl_adapter/cmake)
[0.751s] -- Found rosidl_generator_cpp: 3.1.8 (/opt/ros/humble/share/rosidl_generator_cpp/cmake)
[0.770s] -- Using all available rosidl_typesupport_c: rosidl_typesupport_fastrtps_c;rosidl_typesupport_introspection_c
[0.793s] -- Using all available rosidl_typesupport_cpp: rosidl_typesupport_fastrtps_cpp;rosidl_typesupport_introspection_cpp
[0.859s] -- Found rmw_implementation_cmake: 6.1.2 (/opt/ros/humble/share/rmw_implementation_cmake/cmake)
[0.864s] -- Found rmw_fastrtps_cpp: 6.2.9 (/opt/ros/humble/share/rmw_fastrtps_cpp/cmake)
[0.979s] -- Found OpenSSL: /usr/lib/x86_64-linux-gnu/libcrypto.so (found version "3.0.2")  
[1.002s] -- Found FastRTPS: /opt/ros/humble/include  
[1.030s] -- Using RMW implementation 'rmw_fastrtps_cpp' as default
[1.045s] -- Looking for pthread.h
[1.128s] -- Looking for pthread.h - found
[1.128s] -- Performing Test CMAKE_HAVE_LIBC_PTHREAD
[1.192s] -- Performing Test CMAKE_HAVE_LIBC_PTHREAD - Success
[1.193s] -- Found Threads: TRUE  
[1.267s] -- Found rclcpp_lifecycle: 16.0.17 (/opt/ros/humble/share/rclcpp_lifecycle/cmake)
[1.297s] -- Found rclcpp_action: 16.0.17 (/opt/ros/humble/share/rclcpp_action/cmake)
[1.351s] -- Found nav_msgs: 4.9.0 (/opt/ros/humble/share/nav_msgs/cmake)
[1.393s] -- Found sensor_msgs: 4.9.0 (/opt/ros/humble/share/sensor_msgs/cmake)
[1.417s] -- Found tf2: 0.25.18 (/opt/ros/humble/share/tf2/cmake)
[1.430s] -- Found tf2_ros: 0.25.18 (/opt/ros/humble/share/tf2_ros/cmake)
[1.506s] -- Found tf2_geometry_msgs: 0.25.18 (/opt/ros/humble/share/tf2_geometry_msgs/cmake)
[1.524s] -- Found eigen3_cmake_module: 0.1.1 (/opt/ros/humble/share/eigen3_cmake_module/cmake)
[1.526s] -- Found Eigen3: TRUE (found version "3.4.0") 
[1.526s] -- Ensuring Eigen3 include directory is part of orocos-kdl CMake target
[1.529s] -- Found behaviortree_cpp: 4.9.0 (/opt/ros/humble/share/behaviortree_cpp/cmake)
[1.537s] -- Found nav2_msgs: 1.1.20 (/opt/ros/humble/share/nav2_msgs/cmake)
[1.637s] -- Configuring done
[1.660s] -- Generating done
[1.669s] -- Build files have been written to: /home/shcho/mydrivesim/build/tb3_standalone_nav
[1.678s] Invoked command in '/home/shcho/mydrivesim/build/tb3_standalone_nav' returned '0': CMAKE_PREFIX_PATH=/opt/ros/humble /usr/bin/cmake /home/shcho/mydrivesim/src/tb3_standalone_nav -DCMAKE_INSTALL_PREFIX=/home/shcho/mydrivesim/install/tb3_standalone_nav
[1.678s] Invoking command in '/home/shcho/mydrivesim/build/tb3_standalone_nav': CMAKE_PREFIX_PATH=/opt/ros/humble /usr/bin/cmake --build /home/shcho/mydrivesim/build/tb3_standalone_nav -- -j2 -l2
[1.727s] [  6%] [32mBuilding CXX object CMakeFiles/tb3_standalone_core.dir/src/core/lifecycle_node_base.cpp.o[0m
[1.728s] [ 13%] [32mBuilding CXX object CMakeFiles/tb3_standalone_core.dir/src/costmap/costmap_2d.cpp.o[0m
[2.104s] [01m[K/home/shcho/mydrivesim/src/tb3_standalone_nav/src/costmap/costmap_2d.cpp:[m[K In member function ‘[01m[Kvoid tb3_standalone_nav::costmap::Costmap2D::updateInflation(double, double, double)[m[K’:
[2.104s] [01m[K/home/shcho/mydrivesim/src/tb3_standalone_nav/src/costmap/costmap_2d.cpp:77:10:[m[K [01;35m[Kwarning: [m[Kunused variable ‘[01m[Ksq_cell_inscribed[m[K’ [[01;35m[K]8;;https://gcc.gnu.org/onlinedocs/gcc/Warning-Options.html#index-Wunused-variable-Wunused-variable]8;;[m[K]
[2.104s]    77 |   double [01;35m[Ksq_cell_inscribed[m[K = cell_inscribed_radius * cell_inscribed_radius;
[2.104s]       |          [01;35m[K^~~~~~~~~~~~~~~~~[m[K
[2.228s] [ 20%] [32mBuilding CXX object CMakeFiles/tb3_standalone_core.dir/src/costmap/edt.cpp.o[0m
[2.446s] [ 26%] [32mBuilding CXX object CMakeFiles/tb3_standalone_core.dir/src/costmap/dynamic_obstacle_layer.cpp.o[0m
[4.476s] [ 33%] [32m[1mLinking CXX shared library libtb3_standalone_core.so[0m
[4.614s] [ 33%] Built target tb3_standalone_core
[4.636s] [ 40%] [32mBuilding CXX object CMakeFiles/a_star_planner_server.dir/src/planner/a_star_planner_server.cpp.o[0m
[4.636s] [ 46%] [32mBuilding CXX object CMakeFiles/dwa_controller_server.dir/src/controller/dwa_controller_server.cpp.o[0m
[4.889s] In file included from [01m[K/home/shcho/mydrivesim/src/tb3_standalone_nav/src/planner/a_star_planner_server.cpp:1[m[K:
[4.889s] [01m[K/home/shcho/mydrivesim/src/tb3_standalone_nav/include/tb3_standalone_nav/planner/a_star_planner_server.hpp:16:10:[m[K [01;31m[Kfatal error: [m[Ksensor_msgs/msg/laser_scan.hpp: No such file or directory
[4.889s]    16 | #include [01;31m[K"sensor_msgs/msg/laser_scan.hpp"[m[K
[4.889s]       |          [01;31m[K^~~~~~~~~~~~~~~~~~~~~~~~~~~~~~~~[m[K
[4.889s] compilation terminated.
[4.890s] gmake[2]: *** [CMakeFiles/a_star_planner_server.dir/build.make:76: CMakeFiles/a_star_planner_server.dir/src/planner/a_star_planner_server.cpp.o] Error 1
[4.891s] gmake[1]: *** [CMakeFiles/Makefile2:173: CMakeFiles/a_star_planner_server.dir/all] Error 2
[4.891s] gmake[1]: *** Waiting for unfinished jobs....
[7.046s] [01m[K/home/shcho/mydrivesim/src/tb3_standalone_nav/src/controller/dwa_controller_server.cpp:[m[K In member function ‘[01m[Kvoid tb3_standalone_nav::controller::DWAControllerServer::execute(std::shared_ptr<rclcpp_action::ServerGoalHandle<nav2_msgs::action::FollowPath> >)[m[K’:
[7.053s] [01m[K/home/shcho/mydrivesim/src/tb3_standalone_nav/src/controller/dwa_controller_server.cpp:102:15:[m[K [01;31m[Kerror: [m[K‘[01m[Kusing element_type = struct nav2_msgs::action::FollowPath_Result_<std::allocator<void> >[m[K’ {aka ‘[01m[Kstruct nav2_msgs::action::FollowPath_Result_<std::allocator<void> >[m[K’} has no member named ‘[01m[Kerror_code[m[K’
[7.053s]   102 |       result->[01;31m[Kerror_code[m[K = 0;
[7.054s]       |               [01;31m[K^~~~~~~~~~[m[K
[7.054s] [01m[K/home/shcho/mydrivesim/src/tb3_standalone_nav/src/controller/dwa_controller_server.cpp:137:11:[m[K [01;31m[Kerror: [m[K‘[01m[Kusing element_type = struct nav2_msgs::action::FollowPath_Result_<std::allocator<void> >[m[K’ {aka ‘[01m[Kstruct nav2_msgs::action::FollowPath_Result_<std::allocator<void> >[m[K’} has no member named ‘[01m[Kerror_code[m[K’
[7.054s]   137 |   result->[01;31m[Kerror_code[m[K = 0;
[7.054s]       |           [01;31m[K^~~~~~~~~~[m[K
[9.336s] gmake[2]: *** [CMakeFiles/dwa_controller_server.dir/build.make:76: CMakeFiles/dwa_controller_server.dir/src/controller/dwa_controller_server.cpp.o] Error 1
[9.336s] gmake[1]: *** [CMakeFiles/Makefile2:199: CMakeFiles/dwa_controller_server.dir/all] Error 2
[9.337s] gmake: *** [Makefile:146: all] Error 2
[9.338s] Invoked command in '/home/shcho/mydrivesim/build/tb3_standalone_nav' returned '2': CMAKE_PREFIX_PATH=/opt/ros/humble /usr/bin/cmake --build /home/shcho/mydrivesim/build/tb3_standalone_nav -- -j2 -l2
